<html>
<head>
<title>TestNG:  Test</title>
<link href="../testng.css" rel="stylesheet" type="text/css" />
<link href="../my-testng.css" rel="stylesheet" type="text/css" />

<style type="text/css">
.log { display: none;} 
.stack-trace { display: none;} 
</style>
<script type="text/javascript">
<!--
function flip(e) {
  current = e.style.display;
  if (current == 'block') {
    e.style.display = 'none';
    return 0;
  }
  else {
    e.style.display = 'block';
    return 1;
  }
}

function toggleBox(szDivId, elem, msg1, msg2)
{
  var res = -1;  if (document.getElementById) {
    res = flip(document.getElementById(szDivId));
  }
  else if (document.all) {
    // this is the way old msie versions work
    res = flip(document.all[szDivId]);
  }
  if(elem) {
    if(res == 0) elem.innerHTML = msg1; else elem.innerHTML = msg2;
  }

}

function toggleAllBoxes() {
  if (document.getElementsByTagName) {
    d = document.getElementsByTagName('div');
    for (i = 0; i < d.length; i++) {
      if (d[i].className == 'log') {
        flip(d[i]);
      }
    }
  }
}

// -->
</script>

</head>
<body>
<h2 align='center'>Test</h2><table border='1' align="center">
<tr>
<td>Tests passed/Failed/Skipped:</td><td>1/1/0</td>
</tr><tr>
<td>Started on:</td><td>Wed Oct 11 12:27:52 EDT 2017</td>
</tr>
<tr><td>Total time:</td><td>83 seconds (83090 ms)</td>
</tr><tr>
<td>Included groups:</td><td></td>
</tr><tr>
<td>Excluded groups:</td><td></td>
</tr>
</table><p/>
<small><i>(Hover the method name to see the test class name)</i></small><p/>
<table width='100%' border='1' class='invocation-failed'>
<tr><td colspan='4' align='center'><b>FAILED TESTS</b></td></tr>
<tr><td><b>Test method</b></td>
<td width="30%"><b>Exception</b></td>
<td width="10%"><b>Time (seconds)</b></td>
<td><b>Instance</b></td>
</tr>
<tr>
<td title='homePage.VerifyTitle.HomePageTitle()'><b>HomePageTitle</b><br>Test class: homePage.VerifyTitle</td>
<td><div><pre>org.openqa.selenium.WebDriverException: Failed to connect to binary FirefoxBinary(C:\Program Files\Mozilla Firefox\firefox.exe) on port 7055; process output follows: 
s
1507739314863	DeferredSave.webext.sc.lz4	DEBUG	Save changes
1507739314868	DeferredSave.webext.sc.lz4	DEBUG	Save changes
1507739314874	DeferredSave.webext.sc.lz4	DEBUG	Save changes
1507739314880	DeferredSave.webext.sc.lz4	DEBUG	Save changes
1507739314882	DeferredSave.webext.sc.lz4	DEBUG	Save changes
1507739314890	DeferredSave.webext.sc.lz4	DEBUG	Save changes
1507739314893	DeferredSave.webext.sc.lz4	DEBUG	Save changes
1507739314897	DeferredSave.webext.sc.lz4	DEBUG	Save changes
1507739314899	DeferredSave.webext.sc.lz4	DEBUG	Save changes
1507739314903	DeferredSave.webext.sc.lz4	DEBUG	Save changes
1507739314905	DeferredSave.webext.sc.lz4	DEBUG	Save changes
1507739314909	DeferredSave.webext.sc.lz4	DEBUG	Save changes
1507739314912	DeferredSave.webext.sc.lz4	DEBUG	Save changes
1507739314915	DeferredSave.webext.sc.lz4	DEBUG	Save changes
1507739314918	DeferredSave.webext.sc.lz4	DEBUG	Save changes
1507739314920	DeferredSave.webext.sc.lz4	DEBUG	Save changes
1507739314923	DeferredSave.webext.sc.lz4	DEBUG	Save changes
1507739314933	DeferredSave.webext.sc.lz4	DEBUG	Save changes
1507739314936	DeferredSave.webext.sc.lz4	DEBUG	Save changes
1507739314940	DeferredSave.webext.sc.lz4	DEBUG	Save changes
1507739314942	DeferredSave.webext.sc.lz4	DEBUG	Save changes
1507739314945	DeferredSave.webext.sc.lz4	DEBUG	Save changes
1507739314946	DeferredSave.webext.sc.lz4	DEBUG	Save changes
1507739314949	DeferredSave.webext.sc.lz4	DEBUG	Save changes
1507739314953	DeferredSave.webext.sc.lz4	DEBUG	Save changes
1507739314959	DeferredSave.webext.sc.lz4	DEBUG	Save changes
1507739314962	DeferredSave.webext.sc.lz4	DEBUG	Save changes
1507739314964	DeferredSave.webext.sc.lz4	DEBUG	Save changes
1507739314965	DeferredSave.webext.sc.lz4	DEBUG	Save changes
1507739314968	DeferredSave.webext.sc.lz4	DEBUG	Save changes
1507739314971	DeferredSave.webext.sc.lz4	DEBUG	Save changes
1507739314973	DeferredSave.webext.sc.lz4	DEBUG	Save changes
1507739314976	DeferredSave.webext.sc.lz4	DEBUG	Save changes
1507739314978	DeferredSave.webext.sc.lz4	DEBUG	Save changes
1507739314980	DeferredSave.webext.sc.lz4	DEBUG	Save changes
1507739314983	DeferredSave.webext.sc.lz4	DEBUG	Save changes
1507739314986	DeferredSave.webext.sc.lz4	DEBUG	Save changes
1507739314989	DeferredSave.webext.sc.lz4	DEBUG	Save changes
1507739314994	DeferredSave.webext.sc.lz4	DEBUG	Save changes
1507739314996	DeferredSave.webext.sc.lz4	DEBUG	Save changes
1507739315002	DeferredSave.webext.sc.lz4	DEBUG	Save changes
1507739315007	DeferredSave.webext.sc.lz4	DEBUG	Save changes
1507739315011	DeferredSave.webext.sc.lz4	DEBUG	Save changes
1507739315013	DeferredSave.webext.sc.lz4	DEBUG	Save changes
1507739315022	DeferredSave.webext.sc.lz4	DEBUG	Save changes
1507739315064	DeferredSave.webext.sc.lz4	DEBUG	Save changes
1507739315182	DeferredSave.webext.sc.lz4	DEBUG	Save changes
1507739315383	DeferredSave.webext.sc.lz4	DEBUG	Save changes
Unable to read VR Path Registry from C:\Users\shakir\AppData\Local\openvr\openvrpaths.vrpath
[Child 11556] WARNING: pipe error: 109: file z:/build/build/src/ipc/chromium/src/chrome/common/ipc_channel_win.cc, line 346
[Child 11556] WARNING: pipe error: 109: file z:/build/build/src/ipc/chromium/src/chrome/common/ipc_channel_win.cc, line 346
1507739317408	addons.productaddons	INFO	sending request to: https://aus5.mozilla.org/update/3/GMP/56.0.1/20171002220106/WINNT_x86_64-msvc-x64/en-US/release/Windows_NT%2010.0.0.0%20(x64)/default/default/update.xml
1507739317742	addons.productaddons	INFO	Completed downloading document
1507739318117	addons.productaddons	INFO	downloadXHR File download. status=200
1507739318128	addons.productaddons	INFO	Downloaded file will be saved to C:\Users\shakir\AppData\Local\Temp\tmpaddon-2b7b78
1507739319731	DeferredSave.webext.sc.lz4	DEBUG	Starting write
1507739319777	DeferredSave.webext.sc.lz4	DEBUG	Write succeeded
1507739324078	addons.productaddons	INFO	downloadXHR File download. status=200
1507739324093	addons.productaddons	INFO	Downloaded file will be saved to C:\Users\shakir\AppData\Local\Temp\tmpaddon-646333

Build info: version: &apos;2.30.0&apos;, revision: &apos;dc1ef9ceb805a672f56dc49198f9ffbd4ca345c7&apos;, time: &apos;2013-02-19 09:14:38&apos;
System info: os.name: &apos;Windows 10&apos;, os.arch: &apos;amd64&apos;, os.version: &apos;10.0&apos;, java.version: &apos;1.8.0_60&apos;
Driver info: driver.version: FirefoxDriver
	at org.openqa.selenium.firefox.internal.NewProfileExtensionConnection.start(NewProfileExtensionConnection.java:118)
	at org.openqa.selenium.firefox.FirefoxDriver.startClient(FirefoxDriver.java:244)
	at org.openqa.selenium.remote.RemoteWebDriver.&lt;init&gt;(RemoteWebDriver.java:110)
	at org.openqa.selenium.firefox.FirefoxDriver.&lt;init&gt;(FirefoxDriver.java:188)
	at org.openqa.selenium.firefox.FirefoxDriver.&lt;init&gt;(FirefoxDriver.java:183)
	at org.openqa.selenium.firefox.FirefoxDriver.&lt;init&gt;(FirefoxDriver.java:179)
	at org.openqa.selenium.firefox.FirefoxDriver.&lt;init&gt;(FirefoxDriver.java:92)
	at homePage.VerifyTitle.HomePageTitle(VerifyTitle.java:16)
	at org.apache.maven.surefire.testng.TestNGExecutor.run(TestNGExecutor.java:283)
	at org.apache.maven.surefire.testng.TestNGXmlTestSuite.execute(TestNGXmlTestSuite.java:75)
	at org.apache.maven.surefire.testng.TestNGProvider.invoke(TestNGProvider.java:120)
	at org.apache.maven.surefire.util.ReflectionUtils.invokeMethodWithArray2(ReflectionUtils.java:206)
	at org.apache.maven.surefire.booter.ProviderFactory$ProviderProxy.invoke(ProviderFactory.java:160)
	at org.apache.maven.surefire.booter.ProviderFactory.invokeProvider(ProviderFactory.java:83)
	at org.apache.maven.plugin.surefire.InPluginVMSurefireStarter.runSuitesInProcess(InPluginVMSurefireStarter.java:84)
	at org.apache.maven.plugin.surefire.AbstractSurefireMojo.executeProvider(AbstractSurefireMojo.java:1107)
	at org.apache.maven.plugin.surefire.AbstractSurefireMojo.executeAfterPreconditionsChecked(AbstractSurefireMojo.java:954)
	at org.apache.maven.plugin.surefire.AbstractSurefireMojo.execute(AbstractSurefireMojo.java:832)
	at org.apache.maven.plugin.DefaultBuildPluginManager.executeMojo(DefaultBuildPluginManager.java:134)
	at org.apache.maven.lifecycle.internal.MojoExecutor.execute(MojoExecutor.java:207)
	at org.apache.maven.lifecycle.internal.MojoExecutor.execute(MojoExecutor.java:153)
	at org.apache.maven.lifecycle.internal.MojoExecutor.execute(MojoExecutor.java:145)
	at org.apache.maven.lifecycle.internal.LifecycleModuleBuilder.buildProject(LifecycleModuleBuilder.java:116)
	at org.apache.maven.lifecycle.internal.LifecycleModuleBuilder.buildProject(LifecycleModuleBuilder.java:80)
	at org.apache.maven.lifecycle.internal.builder.singlethreaded.SingleThreadedBuilder.build(SingleThreadedBuilder.java:51)
	at org.apache.maven.lifecycle.internal.LifecycleStarter.execute(LifecycleStarter.java:128)
	at org.apache.maven.DefaultMaven.doExecute(DefaultMaven.java:307)
	at org.apache.maven.DefaultMaven.doExecute(DefaultMaven.java:193)
	at org.apache.maven.DefaultMaven.execute(DefaultMaven.java:106)
	at org.apache.maven.cli.MavenCli.execute(MavenCli.java:863)
	at org.apache.maven.cli.MavenCli.doMain(MavenCli.java:288)
	at org.apache.maven.cli.MavenCli.main(MavenCli.java:199)
	at org.codehaus.plexus.classworlds.launcher.Launcher.launchEnhanced(Launcher.java:289)
	at org.codehaus.plexus.classworlds.launcher.Launcher.launch(Launcher.java:229)
	at org.codehaus.plexus.classworlds.launcher.Launcher.mainWithExitCode(Launcher.java:415)
	at org.codehaus.plexus.classworlds.launcher.Launcher.main(Launcher.java:356)
Caused by: org.openqa.selenium.firefox.NotConnectedException: Unable to connect to host 127.0.0.1 on port 7055 after 45000 ms. Firefox console output:
s
1507739314863	DeferredSave.webext.sc.lz4	DEBUG	Save changes
1507739314868	DeferredSave.webext.sc.lz4	DEBUG	Save changes
1507739314874	DeferredSave.webext.sc.lz4	DEBUG	Save changes
1507739314880	DeferredSave.webext.sc.lz4	DEBUG	Save changes
1507739314882	DeferredSave.webext.sc.lz4	DEBUG	Save changes
1507739314890	DeferredSave.webext.sc.lz4	DEBUG	Save changes
1507739314893	DeferredSave.webext.sc.lz4	DEBUG	Save changes
1507739314897	DeferredSave.webext.sc.lz4	DEBUG	Save changes
1507739314899	DeferredSave.webext.sc.lz4	DEBUG	Save changes
1507739314903	DeferredSave.webext.sc.lz4	DEBUG	Save changes
1507739314905	DeferredSave.webext.sc.lz4	DEBUG	Save changes
1507739314909	DeferredSave.webext.sc.lz4	DEBUG	Save changes
1507739314912	DeferredSave.webext.sc.lz4	DEBUG	Save changes
1507739314915	DeferredSave.webext.sc.lz4	DEBUG	Save changes
1507739314918	DeferredSave.webext.sc.lz4	DEBUG	Save changes
1507739314920	DeferredSave.webext.sc.lz4	DEBUG	Save changes
1507739314923	DeferredSave.webext.sc.lz4	DEBUG	Save changes
1507739314933	DeferredSave.webext.sc.lz4	DEBUG	Save changes
1507739314936	DeferredSave.webext.sc.lz4	DEBUG	Save changes
1507739314940	DeferredSave.webext.sc.lz4	DEBUG	Save changes
1507739314942	DeferredSave.webext.sc.lz4	DEBUG	Save changes
1507739314945	DeferredSave.webext.sc.lz4	DEBUG	Save changes
1507739314946	DeferredSave.webext.sc.lz4	DEBUG	Save changes
1507739314949	DeferredSave.webext.sc.lz4	DEBUG	Save changes
1507739314953	DeferredSave.webext.sc.lz4	DEBUG	Save changes
1507739314959	DeferredSave.webext.sc.lz4	DEBUG	Save changes
1507739314962	DeferredSave.webext.sc.lz4	DEBUG	Save changes
1507739314964	DeferredSave.webext.sc.lz4	DEBUG	Save changes
1507739314965	DeferredSave.webext.sc.lz4	DEBUG	Save changes
1507739314968	DeferredSave.webext.sc.lz4	DEBUG	Save changes
1507739314971	DeferredSave.webext.sc.lz4	DEBUG	Save changes
1507739314973	DeferredSave.webext.sc.lz4	DEBUG	Save changes
1507739314976	DeferredSave.webext.sc.lz4	DEBUG	Save changes
1507739314978	DeferredSave.webext.sc.lz4	DEBUG	Save changes
1507739314980	DeferredSave.webext.sc.lz4	DEBUG	Save changes
1507739314983	DeferredSave.webext.sc.lz4	DEBUG	Save changes
1507739314986	DeferredSave.webext.sc.lz4	DEBUG	Save changes
1507739314989	DeferredSave.webext.sc.lz4	DEBUG	Save changes
1507739314994	DeferredSave.webext.sc.lz4	DEBUG	Save changes
1507739314996	DeferredSave.webext.sc.lz4	DEBUG	Save changes
1507739315002	DeferredSave.webext.sc.lz4	DEBUG	Save changes
1507739315007	DeferredSave.webext.sc.lz4	DEBUG	Save changes
1507739315011	DeferredSave.webext.sc.lz4	DEBUG	Save changes
1507739315013	DeferredSave.webext.sc.lz4	DEBUG	Save changes
1507739315022	DeferredSave.webext.sc.lz4	DEBUG	Save changes
1507739315064	DeferredSave.webext.sc.lz4	DEBUG	Save changes
1507739315182	DeferredSave.webext.sc.lz4	DEBUG	Save changes
1507739315383	DeferredSave.webext.sc.lz4	DEBUG	Save changes
Unable to read VR Path Registry from C:\Users\shakir\AppData\Local\openvr\openvrpaths.vrpath
[Child 11556] WARNING: pipe error: 109: file z:/build/build/src/ipc/chromium/src/chrome/common/ipc_channel_win.cc, line 346
[Child 11556] WARNING: pipe error: 109: file z:/build/build/src/ipc/chromium/src/chrome/common/ipc_channel_win.cc, line 346
1507739317408	addons.productaddons	INFO	sending request to: https://aus5.mozilla.org/update/3/GMP/56.0.1/20171002220106/WINNT_x86_64-msvc-x64/en-US/release/Windows_NT%2010.0.0.0%20(x64)/default/default/update.xml
1507739317742	addons.productaddons	INFO	Completed downloading document
1507739318117	addons.productaddons	INFO	downloadXHR File download. status=200
1507739318128	addons.productaddons	INFO	Downloaded file will be saved to C:\Users\shakir\AppData\Local\Temp\tmpaddon-2b7b78
1507739319731	DeferredSave.webext.sc.lz4	DEBUG	Starting write
1507739319777	DeferredSave.webext.sc.lz4	DEBUG	Write succeeded
1507739324078	addons.productaddons	INFO	downloadXHR File download. status=200
1507739324093	addons.productaddons	INFO	Downloaded file will be saved to C:\Users\shakir\AppData\Local\Temp\tmpaddon-646333

	at org.openqa.selenium.firefox.internal.NewProfileExtensionConnection.start(NewProfileExtensionConnection.java:106)
	... 64 more
... Removed 29 stack frames</pre></div><a href='#' onClick='toggleBox("stack-trace163160871", this, "Click to show all stack frames", "Click to hide stack frames")'>Click to show all stack frames</a>
<div class='stack-trace' id='stack-trace163160871'><pre>org.openqa.selenium.WebDriverException: Failed to connect to binary FirefoxBinary(C:\Program Files\Mozilla Firefox\firefox.exe) on port 7055; process output follows: 
s
1507739314863	DeferredSave.webext.sc.lz4	DEBUG	Save changes
1507739314868	DeferredSave.webext.sc.lz4	DEBUG	Save changes
1507739314874	DeferredSave.webext.sc.lz4	DEBUG	Save changes
1507739314880	DeferredSave.webext.sc.lz4	DEBUG	Save changes
1507739314882	DeferredSave.webext.sc.lz4	DEBUG	Save changes
1507739314890	DeferredSave.webext.sc.lz4	DEBUG	Save changes
1507739314893	DeferredSave.webext.sc.lz4	DEBUG	Save changes
1507739314897	DeferredSave.webext.sc.lz4	DEBUG	Save changes
1507739314899	DeferredSave.webext.sc.lz4	DEBUG	Save changes
1507739314903	DeferredSave.webext.sc.lz4	DEBUG	Save changes
1507739314905	DeferredSave.webext.sc.lz4	DEBUG	Save changes
1507739314909	DeferredSave.webext.sc.lz4	DEBUG	Save changes
1507739314912	DeferredSave.webext.sc.lz4	DEBUG	Save changes
1507739314915	DeferredSave.webext.sc.lz4	DEBUG	Save changes
1507739314918	DeferredSave.webext.sc.lz4	DEBUG	Save changes
1507739314920	DeferredSave.webext.sc.lz4	DEBUG	Save changes
1507739314923	DeferredSave.webext.sc.lz4	DEBUG	Save changes
1507739314933	DeferredSave.webext.sc.lz4	DEBUG	Save changes
1507739314936	DeferredSave.webext.sc.lz4	DEBUG	Save changes
1507739314940	DeferredSave.webext.sc.lz4	DEBUG	Save changes
1507739314942	DeferredSave.webext.sc.lz4	DEBUG	Save changes
1507739314945	DeferredSave.webext.sc.lz4	DEBUG	Save changes
1507739314946	DeferredSave.webext.sc.lz4	DEBUG	Save changes
1507739314949	DeferredSave.webext.sc.lz4	DEBUG	Save changes
1507739314953	DeferredSave.webext.sc.lz4	DEBUG	Save changes
1507739314959	DeferredSave.webext.sc.lz4	DEBUG	Save changes
1507739314962	DeferredSave.webext.sc.lz4	DEBUG	Save changes
1507739314964	DeferredSave.webext.sc.lz4	DEBUG	Save changes
1507739314965	DeferredSave.webext.sc.lz4	DEBUG	Save changes
1507739314968	DeferredSave.webext.sc.lz4	DEBUG	Save changes
1507739314971	DeferredSave.webext.sc.lz4	DEBUG	Save changes
1507739314973	DeferredSave.webext.sc.lz4	DEBUG	Save changes
1507739314976	DeferredSave.webext.sc.lz4	DEBUG	Save changes
1507739314978	DeferredSave.webext.sc.lz4	DEBUG	Save changes
1507739314980	DeferredSave.webext.sc.lz4	DEBUG	Save changes
1507739314983	DeferredSave.webext.sc.lz4	DEBUG	Save changes
1507739314986	DeferredSave.webext.sc.lz4	DEBUG	Save changes
1507739314989	DeferredSave.webext.sc.lz4	DEBUG	Save changes
1507739314994	DeferredSave.webext.sc.lz4	DEBUG	Save changes
1507739314996	DeferredSave.webext.sc.lz4	DEBUG	Save changes
1507739315002	DeferredSave.webext.sc.lz4	DEBUG	Save changes
1507739315007	DeferredSave.webext.sc.lz4	DEBUG	Save changes
1507739315011	DeferredSave.webext.sc.lz4	DEBUG	Save changes
1507739315013	DeferredSave.webext.sc.lz4	DEBUG	Save changes
1507739315022	DeferredSave.webext.sc.lz4	DEBUG	Save changes
1507739315064	DeferredSave.webext.sc.lz4	DEBUG	Save changes
1507739315182	DeferredSave.webext.sc.lz4	DEBUG	Save changes
1507739315383	DeferredSave.webext.sc.lz4	DEBUG	Save changes
Unable to read VR Path Registry from C:\Users\shakir\AppData\Local\openvr\openvrpaths.vrpath
[Child 11556] WARNING: pipe error: 109: file z:/build/build/src/ipc/chromium/src/chrome/common/ipc_channel_win.cc, line 346
[Child 11556] WARNING: pipe error: 109: file z:/build/build/src/ipc/chromium/src/chrome/common/ipc_channel_win.cc, line 346
1507739317408	addons.productaddons	INFO	sending request to: https://aus5.mozilla.org/update/3/GMP/56.0.1/20171002220106/WINNT_x86_64-msvc-x64/en-US/release/Windows_NT%2010.0.0.0%20(x64)/default/default/update.xml
1507739317742	addons.productaddons	INFO	Completed downloading document
1507739318117	addons.productaddons	INFO	downloadXHR File download. status=200
1507739318128	addons.productaddons	INFO	Downloaded file will be saved to C:\Users\shakir\AppData\Local\Temp\tmpaddon-2b7b78
1507739319731	DeferredSave.webext.sc.lz4	DEBUG	Starting write
1507739319777	DeferredSave.webext.sc.lz4	DEBUG	Write succeeded
1507739324078	addons.productaddons	INFO	downloadXHR File download. status=200
1507739324093	addons.productaddons	INFO	Downloaded file will be saved to C:\Users\shakir\AppData\Local\Temp\tmpaddon-646333

Build info: version: &apos;2.30.0&apos;, revision: &apos;dc1ef9ceb805a672f56dc49198f9ffbd4ca345c7&apos;, time: &apos;2013-02-19 09:14:38&apos;
System info: os.name: &apos;Windows 10&apos;, os.arch: &apos;amd64&apos;, os.version: &apos;10.0&apos;, java.version: &apos;1.8.0_60&apos;
Driver info: driver.version: FirefoxDriver
	at org.openqa.selenium.firefox.internal.NewProfileExtensionConnection.start(NewProfileExtensionConnection.java:118)
	at org.openqa.selenium.firefox.FirefoxDriver.startClient(FirefoxDriver.java:244)
	at org.openqa.selenium.remote.RemoteWebDriver.&lt;init&gt;(RemoteWebDriver.java:110)
	at org.openqa.selenium.firefox.FirefoxDriver.&lt;init&gt;(FirefoxDriver.java:188)
	at org.openqa.selenium.firefox.FirefoxDriver.&lt;init&gt;(FirefoxDriver.java:183)
	at org.openqa.selenium.firefox.FirefoxDriver.&lt;init&gt;(FirefoxDriver.java:179)
	at org.openqa.selenium.firefox.FirefoxDriver.&lt;init&gt;(FirefoxDriver.java:92)
	at homePage.VerifyTitle.HomePageTitle(VerifyTitle.java:16)
	at sun.reflect.NativeMethodAccessorImpl.invoke0(Native Method)
	at sun.reflect.NativeMethodAccessorImpl.invoke(NativeMethodAccessorImpl.java:62)
	at sun.reflect.DelegatingMethodAccessorImpl.invoke(DelegatingMethodAccessorImpl.java:43)
	at java.lang.reflect.Method.invoke(Method.java:497)
	at org.testng.internal.MethodInvocationHelper.invokeMethod(MethodInvocationHelper.java:80)
	at org.testng.internal.Invoker.invokeMethod(Invoker.java:714)
	at org.testng.internal.Invoker.invokeTestMethod(Invoker.java:901)
	at org.testng.internal.Invoker.invokeTestMethods(Invoker.java:1231)
	at org.testng.internal.TestMethodWorker.invokeTestMethods(TestMethodWorker.java:127)
	at org.testng.internal.TestMethodWorker.run(TestMethodWorker.java:111)
	at org.testng.TestRunner.privateRun(TestRunner.java:767)
	at org.testng.TestRunner.run(TestRunner.java:617)
	at org.testng.SuiteRunner.runTest(SuiteRunner.java:334)
	at org.testng.SuiteRunner.runSequentially(SuiteRunner.java:329)
	at org.testng.SuiteRunner.privateRun(SuiteRunner.java:291)
	at org.testng.SuiteRunner.run(SuiteRunner.java:240)
	at org.testng.SuiteRunnerWorker.runSuite(SuiteRunnerWorker.java:52)
	at org.testng.SuiteRunnerWorker.run(SuiteRunnerWorker.java:86)
	at org.testng.TestNG.runSuitesSequentially(TestNG.java:1198)
	at org.testng.TestNG.runSuitesLocally(TestNG.java:1123)
	at org.testng.TestNG.run(TestNG.java:1031)
	at org.apache.maven.surefire.testng.TestNGExecutor.run(TestNGExecutor.java:283)
	at org.apache.maven.surefire.testng.TestNGXmlTestSuite.execute(TestNGXmlTestSuite.java:75)
	at org.apache.maven.surefire.testng.TestNGProvider.invoke(TestNGProvider.java:120)
	at sun.reflect.NativeMethodAccessorImpl.invoke0(Native Method)
	at sun.reflect.NativeMethodAccessorImpl.invoke(NativeMethodAccessorImpl.java:62)
	at sun.reflect.DelegatingMethodAccessorImpl.invoke(DelegatingMethodAccessorImpl.java:43)
	at java.lang.reflect.Method.invoke(Method.java:497)
	at org.apache.maven.surefire.util.ReflectionUtils.invokeMethodWithArray2(ReflectionUtils.java:206)
	at org.apache.maven.surefire.booter.ProviderFactory$ProviderProxy.invoke(ProviderFactory.java:160)
	at org.apache.maven.surefire.booter.ProviderFactory.invokeProvider(ProviderFactory.java:83)
	at org.apache.maven.plugin.surefire.InPluginVMSurefireStarter.runSuitesInProcess(InPluginVMSurefireStarter.java:84)
	at org.apache.maven.plugin.surefire.AbstractSurefireMojo.executeProvider(AbstractSurefireMojo.java:1107)
	at org.apache.maven.plugin.surefire.AbstractSurefireMojo.executeAfterPreconditionsChecked(AbstractSurefireMojo.java:954)
	at org.apache.maven.plugin.surefire.AbstractSurefireMojo.execute(AbstractSurefireMojo.java:832)
	at org.apache.maven.plugin.DefaultBuildPluginManager.executeMojo(DefaultBuildPluginManager.java:134)
	at org.apache.maven.lifecycle.internal.MojoExecutor.execute(MojoExecutor.java:207)
	at org.apache.maven.lifecycle.internal.MojoExecutor.execute(MojoExecutor.java:153)
	at org.apache.maven.lifecycle.internal.MojoExecutor.execute(MojoExecutor.java:145)
	at org.apache.maven.lifecycle.internal.LifecycleModuleBuilder.buildProject(LifecycleModuleBuilder.java:116)
	at org.apache.maven.lifecycle.internal.LifecycleModuleBuilder.buildProject(LifecycleModuleBuilder.java:80)
	at org.apache.maven.lifecycle.internal.builder.singlethreaded.SingleThreadedBuilder.build(SingleThreadedBuilder.java:51)
	at org.apache.maven.lifecycle.internal.LifecycleStarter.execute(LifecycleStarter.java:128)
	at org.apache.maven.DefaultMaven.doExecute(DefaultMaven.java:307)
	at org.apache.maven.DefaultMaven.doExecute(DefaultMaven.java:193)
	at org.apache.maven.DefaultMaven.execute(DefaultMaven.java:106)
	at org.apache.maven.cli.MavenCli.execute(MavenCli.java:863)
	at org.apache.maven.cli.MavenCli.doMain(MavenCli.java:288)
	at org.apache.maven.cli.MavenCli.main(MavenCli.java:199)
	at sun.reflect.NativeMethodAccessorImpl.invoke0(Native Method)
	at sun.reflect.NativeMethodAccessorImpl.invoke(NativeMethodAccessorImpl.java:62)
	at sun.reflect.DelegatingMethodAccessorImpl.invoke(DelegatingMethodAccessorImpl.java:43)
	at java.lang.reflect.Method.invoke(Method.java:497)
	at org.codehaus.plexus.classworlds.launcher.Launcher.launchEnhanced(Launcher.java:289)
	at org.codehaus.plexus.classworlds.launcher.Launcher.launch(Launcher.java:229)
	at org.codehaus.plexus.classworlds.launcher.Launcher.mainWithExitCode(Launcher.java:415)
	at org.codehaus.plexus.classworlds.launcher.Launcher.main(Launcher.java:356)
Caused by: org.openqa.selenium.firefox.NotConnectedException: Unable to connect to host 127.0.0.1 on port 7055 after 45000 ms. Firefox console output:
s
1507739314863	DeferredSave.webext.sc.lz4	DEBUG	Save changes
1507739314868	DeferredSave.webext.sc.lz4	DEBUG	Save changes
1507739314874	DeferredSave.webext.sc.lz4	DEBUG	Save changes
1507739314880	DeferredSave.webext.sc.lz4	DEBUG	Save changes
1507739314882	DeferredSave.webext.sc.lz4	DEBUG	Save changes
1507739314890	DeferredSave.webext.sc.lz4	DEBUG	Save changes
1507739314893	DeferredSave.webext.sc.lz4	DEBUG	Save changes
1507739314897	DeferredSave.webext.sc.lz4	DEBUG	Save changes
1507739314899	DeferredSave.webext.sc.lz4	DEBUG	Save changes
1507739314903	DeferredSave.webext.sc.lz4	DEBUG	Save changes
1507739314905	DeferredSave.webext.sc.lz4	DEBUG	Save changes
1507739314909	DeferredSave.webext.sc.lz4	DEBUG	Save changes
1507739314912	DeferredSave.webext.sc.lz4	DEBUG	Save changes
1507739314915	DeferredSave.webext.sc.lz4	DEBUG	Save changes
1507739314918	DeferredSave.webext.sc.lz4	DEBUG	Save changes
1507739314920	DeferredSave.webext.sc.lz4	DEBUG	Save changes
1507739314923	DeferredSave.webext.sc.lz4	DEBUG	Save changes
1507739314933	DeferredSave.webext.sc.lz4	DEBUG	Save changes
1507739314936	DeferredSave.webext.sc.lz4	DEBUG	Save changes
1507739314940	DeferredSave.webext.sc.lz4	DEBUG	Save changes
1507739314942	DeferredSave.webext.sc.lz4	DEBUG	Save changes
1507739314945	DeferredSave.webext.sc.lz4	DEBUG	Save changes
1507739314946	DeferredSave.webext.sc.lz4	DEBUG	Save changes
1507739314949	DeferredSave.webext.sc.lz4	DEBUG	Save changes
1507739314953	DeferredSave.webext.sc.lz4	DEBUG	Save changes
1507739314959	DeferredSave.webext.sc.lz4	DEBUG	Save changes
1507739314962	DeferredSave.webext.sc.lz4	DEBUG	Save changes
1507739314964	DeferredSave.webext.sc.lz4	DEBUG	Save changes
1507739314965	DeferredSave.webext.sc.lz4	DEBUG	Save changes
1507739314968	DeferredSave.webext.sc.lz4	DEBUG	Save changes
1507739314971	DeferredSave.webext.sc.lz4	DEBUG	Save changes
1507739314973	DeferredSave.webext.sc.lz4	DEBUG	Save changes
1507739314976	DeferredSave.webext.sc.lz4	DEBUG	Save changes
1507739314978	DeferredSave.webext.sc.lz4	DEBUG	Save changes
1507739314980	DeferredSave.webext.sc.lz4	DEBUG	Save changes
1507739314983	DeferredSave.webext.sc.lz4	DEBUG	Save changes
1507739314986	DeferredSave.webext.sc.lz4	DEBUG	Save changes
1507739314989	DeferredSave.webext.sc.lz4	DEBUG	Save changes
1507739314994	DeferredSave.webext.sc.lz4	DEBUG	Save changes
1507739314996	DeferredSave.webext.sc.lz4	DEBUG	Save changes
1507739315002	DeferredSave.webext.sc.lz4	DEBUG	Save changes
1507739315007	DeferredSave.webext.sc.lz4	DEBUG	Save changes
1507739315011	DeferredSave.webext.sc.lz4	DEBUG	Save changes
1507739315013	DeferredSave.webext.sc.lz4	DEBUG	Save changes
1507739315022	DeferredSave.webext.sc.lz4	DEBUG	Save changes
1507739315064	DeferredSave.webext.sc.lz4	DEBUG	Save changes
1507739315182	DeferredSave.webext.sc.lz4	DEBUG	Save changes
1507739315383	DeferredSave.webext.sc.lz4	DEBUG	Save changes
Unable to read VR Path Registry from C:\Users\shakir\AppData\Local\openvr\openvrpaths.vrpath
[Child 11556] WARNING: pipe error: 109: file z:/build/build/src/ipc/chromium/src/chrome/common/ipc_channel_win.cc, line 346
[Child 11556] WARNING: pipe error: 109: file z:/build/build/src/ipc/chromium/src/chrome/common/ipc_channel_win.cc, line 346
1507739317408	addons.productaddons	INFO	sending request to: https://aus5.mozilla.org/update/3/GMP/56.0.1/20171002220106/WINNT_x86_64-msvc-x64/en-US/release/Windows_NT%2010.0.0.0%20(x64)/default/default/update.xml
1507739317742	addons.productaddons	INFO	Completed downloading document
1507739318117	addons.productaddons	INFO	downloadXHR File download. status=200
1507739318128	addons.productaddons	INFO	Downloaded file will be saved to C:\Users\shakir\AppData\Local\Temp\tmpaddon-2b7b78
1507739319731	DeferredSave.webext.sc.lz4	DEBUG	Starting write
1507739319777	DeferredSave.webext.sc.lz4	DEBUG	Write succeeded
1507739324078	addons.productaddons	INFO	downloadXHR File download. status=200
1507739324093	addons.productaddons	INFO	Downloaded file will be saved to C:\Users\shakir\AppData\Local\Temp\tmpaddon-646333

	at org.openqa.selenium.firefox.internal.NewProfileExtensionConnection.start(NewProfileExtensionConnection.java:106)
	... 64 more
</pre></div></td>
<td>83</td>
<td>homePage.VerifyTitle@7ed9499e</td></tr>
</table><p>
<table width='100%' border='1' class='invocation-passed'>
<tr><td colspan='4' align='center'><b>PASSED TESTS</b></td></tr>
<tr><td><b>Test method</b></td>
<td width="30%"><b>Exception</b></td>
<td width="10%"><b>Time (seconds)</b></td>
<td><b>Instance</b></td>
</tr>
<tr>
<td title='com.chase.creditcards.DemoForMaven.TestMaven()'><b>TestMaven</b><br>Test class: com.chase.creditcards.DemoForMaven</td>
<td></td>
<td>0</td>
<td>com.chase.creditcards.DemoForMaven@37ed010a</td></tr>
</table><p>
</body>
</html>