<!DOCTYPE html>

<html>
  <head>
  <title>TestNG reports</title>

    <link type="text/css" href="testng-reports.css" rel="stylesheet" />  
    <script type="text/javascript" src="jquery-1.7.1.min.js"></script>
    <script type="text/javascript" src="testng-reports.js"></script>
    <script type="text/javascript" src="https://www.google.com/jsapi"></script>
    <script type='text/javascript'>
      google.load('visualization', '1', {packages:['table']});
      google.setOnLoadCallback(drawTable);
      var suiteTableInitFunctions = new Array();
      var suiteTableData = new Array();
    </script>
    <!--
      <script type="text/javascript" src="jquery-ui/js/jquery-ui-1.8.16.custom.min.js"></script>
     -->
  </head>

  <body>
    <div class="top-banner-root">
      <span class="top-banner-title-font">Test results</span>
      <br/>
      <span class="top-banner-font-1">1 suite, 1 failed test</span>
    </div> <!-- top-banner-root -->
    <div class="navigator-root">
      <div class="navigator-suite-header">
        <span>All suites</span>
        <a href="#" class="collapse-all-link" title="Collapse/expand all the suites">
          <img class="collapse-all-icon" src="collapseall.gif">
          </img> <!-- collapse-all-icon -->
        </a> <!-- collapse-all-link -->
      </div> <!-- navigator-suite-header -->
      <div class="suite">
        <div class="rounded-window">
          <div class="suite-header light-rounded-window-top">
            <a href="#" class="navigator-link" panel-name="suite-Suite">
              <span class="suite-name border-failed">Suite</span>
            </a> <!-- navigator-link -->
          </div> <!-- suite-header light-rounded-window-top -->
          <div class="navigator-suite-content">
            <div class="suite-section-title">
              <span>Info</span>
            </div> <!-- suite-section-title -->
            <div class="suite-section-content">
              <ul>
                <li>
                  <a href="#" class="navigator-link " panel-name="test-xml-Suite">
                    <span>C:\Users\shakir\eclipse-workspace\com.chase.creditcards\src\main\resources\testng.xml</span>
                  </a> <!-- navigator-link  -->
                </li>
                <li>
                  <a href="#" class="navigator-link " panel-name="testlist-Suite">
                    <span class="test-stats">1 test</span>
                  </a> <!-- navigator-link  -->
                </li>
                <li>
                  <a href="#" class="navigator-link " panel-name="group-Suite">
                    <span>0 groups</span>
                  </a> <!-- navigator-link  -->
                </li>
                <li>
                  <a href="#" class="navigator-link " panel-name="times-Suite">
                    <span>Times</span>
                  </a> <!-- navigator-link  -->
                </li>
                <li>
                  <a href="#" class="navigator-link " panel-name="reporter-Suite">
                    <span>Reporter output</span>
                  </a> <!-- navigator-link  -->
                </li>
                <li>
                  <a href="#" class="navigator-link " panel-name="ignored-methods-Suite">
                    <span>Ignored methods</span>
                  </a> <!-- navigator-link  -->
                </li>
                <li>
                  <a href="#" class="navigator-link " panel-name="chronological-Suite">
                    <span>Chronological view</span>
                  </a> <!-- navigator-link  -->
                </li>
              </ul>
            </div> <!-- suite-section-content -->
            <div class="result-section">
              <div class="suite-section-title">
                <span>Results</span>
              </div> <!-- suite-section-title -->
              <div class="suite-section-content">
                <ul>
                  <li>
                    <span class="method-stats">2 methods, 1 failed,   1 passed</span>
                  </li>
                  <li>
                    <span class="method-list-title failed">Failed methods</span>
                    <span class="show-or-hide-methods failed">
                      <a href="#" panel-name="suite-Suite" class="hide-methods failed suite-Suite"> (hide)</a> <!-- hide-methods failed suite-Suite -->
                      <a href="#" panel-name="suite-Suite" class="show-methods failed suite-Suite"> (show)</a> <!-- show-methods failed suite-Suite -->
                    </span>
                    <div class="method-list-content failed suite-Suite">
                      <span>
                        <img width="3%" src="failed.png"/>
                        <a href="#" class="method navigator-link" panel-name="suite-Suite" title="homePage.VerifyTitle" hash-for-method="HomePageTitle">HomePageTitle</a> <!-- method navigator-link -->
                      </span>
                      <br/>
                    </div> <!-- method-list-content failed suite-Suite -->
                  </li>
                  <li>
                    <span class="method-list-title passed">Passed methods</span>
                    <span class="show-or-hide-methods passed">
                      <a href="#" panel-name="suite-Suite" class="hide-methods passed suite-Suite"> (hide)</a> <!-- hide-methods passed suite-Suite -->
                      <a href="#" panel-name="suite-Suite" class="show-methods passed suite-Suite"> (show)</a> <!-- show-methods passed suite-Suite -->
                    </span>
                    <div class="method-list-content passed suite-Suite">
                      <span>
                        <img width="3%" src="passed.png"/>
                        <a href="#" class="method navigator-link" panel-name="suite-Suite" title="com.chase.creditcards.DemoForMaven" hash-for-method="TestMaven">TestMaven</a> <!-- method navigator-link -->
                      </span>
                      <br/>
                    </div> <!-- method-list-content passed suite-Suite -->
                  </li>
                </ul>
              </div> <!-- suite-section-content -->
            </div> <!-- result-section -->
          </div> <!-- navigator-suite-content -->
        </div> <!-- rounded-window -->
      </div> <!-- suite -->
    </div> <!-- navigator-root -->
    <div class="wrapper">
      <div class="main-panel-root">
        <div panel-name="suite-Suite" class="panel Suite">
          <div class="suite-Suite-class-failed">
            <div class="main-panel-header rounded-window-top">
              <img src="failed.png"/>
              <span class="class-name">homePage.VerifyTitle</span>
            </div> <!-- main-panel-header rounded-window-top -->
            <div class="main-panel-content rounded-window-bottom">
              <div class="method">
                <div class="method-content">
                  <a name="HomePageTitle">
                  </a> <!-- HomePageTitle -->
                  <span class="method-name">HomePageTitle</span>
                  <div class="stack-trace"><b>"org.openqa.selenium.WebDriverException: Failed to connect to binary FirefoxBinary(C:\Program Files\Mozilla Firefox\firefox.exe) on port 7055; process output follows: 
s
1507739314863	DeferredSave.webext.sc.lz4	DEBUG	Save changes
1507739314868	DeferredSave.webext.sc.lz4	DEBUG	Save changes
1507739314874	DeferredSave.webext.sc.lz4	DEBUG	Save changes
1507739314880	DeferredSave.webext.sc.lz4	DEBUG	Save changes
1507739314882	DeferredSave.webext.sc.lz4	DEBUG	Save changes
1507739314890	DeferredSave.webext.sc.lz4	DEBUG	Save changes
1507739314893	DeferredSave.webext.sc.lz4	DEBUG	Save changes
1507739314897	DeferredSave.webext.sc.lz4	DEBUG	Save changes
1507739314899	DeferredSave.webext.sc.lz4	DEBUG	Save changes
1507739314903	DeferredSave.webext.sc.lz4	DEBUG	Save changes
1507739314905	DeferredSave.webext.sc.lz4	DEBUG	Save changes
1507739314909	DeferredSave.webext.sc.lz4	DEBUG	Save changes
1507739314912	DeferredSave.webext.sc.lz4	DEBUG	Save changes
1507739314915	DeferredSave.webext.sc.lz4	DEBUG	Save changes
1507739314918	DeferredSave.webext.sc.lz4	DEBUG	Save changes
1507739314920	DeferredSave.webext.sc.lz4	DEBUG	Save changes
1507739314923	DeferredSave.webext.sc.lz4	DEBUG	Save changes
1507739314933	DeferredSave.webext.sc.lz4	DEBUG	Save changes
1507739314936	DeferredSave.webext.sc.lz4	DEBUG	Save changes
1507739314940	DeferredSave.webext.sc.lz4	DEBUG	Save changes
1507739314942	DeferredSave.webext.sc.lz4	DEBUG	Save changes
1507739314945	DeferredSave.webext.sc.lz4	DEBUG	Save changes
1507739314946	DeferredSave.webext.sc.lz4	DEBUG	Save changes
1507739314949	DeferredSave.webext.sc.lz4	DEBUG	Save changes
1507739314953	DeferredSave.webext.sc.lz4	DEBUG	Save changes
1507739314959	DeferredSave.webext.sc.lz4	DEBUG	Save changes
1507739314962	DeferredSave.webext.sc.lz4	DEBUG	Save changes
1507739314964	DeferredSave.webext.sc.lz4	DEBUG	Save changes
1507739314965	DeferredSave.webext.sc.lz4	DEBUG	Save changes
1507739314968	DeferredSave.webext.sc.lz4	DEBUG	Save changes
1507739314971	DeferredSave.webext.sc.lz4	DEBUG	Save changes
1507739314973	DeferredSave.webext.sc.lz4	DEBUG	Save changes
1507739314976	DeferredSave.webext.sc.lz4	DEBUG	Save changes
1507739314978	DeferredSave.webext.sc.lz4	DEBUG	Save changes
1507739314980	DeferredSave.webext.sc.lz4	DEBUG	Save changes
1507739314983	DeferredSave.webext.sc.lz4	DEBUG	Save changes
1507739314986	DeferredSave.webext.sc.lz4	DEBUG	Save changes
1507739314989	DeferredSave.webext.sc.lz4	DEBUG	Save changes
1507739314994	DeferredSave.webext.sc.lz4	DEBUG	Save changes
1507739314996	DeferredSave.webext.sc.lz4	DEBUG	Save changes
1507739315002	DeferredSave.webext.sc.lz4	DEBUG	Save changes
1507739315007	DeferredSave.webext.sc.lz4	DEBUG	Save changes
1507739315011	DeferredSave.webext.sc.lz4	DEBUG	Save changes
1507739315013	DeferredSave.webext.sc.lz4	DEBUG	Save changes
1507739315022	DeferredSave.webext.sc.lz4	DEBUG	Save changes
1507739315064	DeferredSave.webext.sc.lz4	DEBUG	Save changes
1507739315182	DeferredSave.webext.sc.lz4	DEBUG	Save changes
1507739315383	DeferredSave.webext.sc.lz4	DEBUG	Save changes
Unable to read VR Path Registry from C:\Users\shakir\AppData\Local\openvr\openvrpaths.vrpath
[Child 11556] WARNING: pipe error: 109: file z:/build/build/src/ipc/chromium/src/chrome/common/ipc_channel_win.cc, line 346
[Child 11556] WARNING: pipe error: 109: file z:/build/build/src/ipc/chromium/src/chrome/common/ipc_channel_win.cc, line 346
1507739317408	addons.productaddons	INFO	sending request to: https://aus5.mozilla.org/update/3/GMP/56.0.1/20171002220106/WINNT_x86_64-msvc-x64/en-US/release/Windows_NT%2010.0.0.0%20(x64)/default/default/update.xml
1507739317742	addons.productaddons	INFO	Completed downloading document
1507739318117	addons.productaddons	INFO	downloadXHR File download. status=200
1507739318128	addons.productaddons	INFO	Downloaded file will be saved to C:\Users\shakir\AppData\Local\Temp\tmpaddon-2b7b78
1507739319731	DeferredSave.webext.sc.lz4	DEBUG	Starting write
1507739319777	DeferredSave.webext.sc.lz4	DEBUG	Write succeeded
1507739324078	addons.productaddons	INFO	downloadXHR File download. status=200
1507739324093	addons.productaddons	INFO	Downloaded file will be saved to C:\Users\shakir\AppData\Local\Temp\tmpaddon-646333

Build info: version: &apos;2.30.0&apos;, revision: &apos;dc1ef9ceb805a672f56dc49198f9ffbd4ca345c7&apos;, time: &apos;2013-02-19 09:14:38&apos;
System info: os.name: &apos;Windows 10&apos;, os.arch: &apos;amd64&apos;, os.version: &apos;10.0&apos;, java.version: &apos;1.8.0_60&apos;
Driver info: driver.version: FirefoxDriver
	at org.openqa.selenium.firefox.internal.NewProfileExtensionConnection.start(NewProfileExtensionConnection.java:118)
	at org.openqa.selenium.firefox.FirefoxDriver.startClient(FirefoxDriver.java:244)
	at org.openqa.selenium.remote.RemoteWebDriver.&lt;init&gt;(RemoteWebDriver.java:110)
	at org.openqa.selenium.firefox.FirefoxDriver.&lt;init&gt;(FirefoxDriver.java:188)
	at org.openqa.selenium.firefox.FirefoxDriver.&lt;init&gt;(FirefoxDriver.java:183)
	at org.openqa.selenium.firefox.FirefoxDriver.&lt;init&gt;(FirefoxDriver.java:179)
	at org.openqa.selenium.firefox.FirefoxDriver.&lt;init&gt;(FirefoxDriver.java:92)
	at homePage.VerifyTitle.HomePageTitle(VerifyTitle.java:16)
	at org.apache.maven.surefire.testng.TestNGExecutor.run(TestNGExecutor.java:283)
	at org.apache.maven.surefire.testng.TestNGXmlTestSuite.execute(TestNGXmlTestSuite.java:75)
	at org.apache.maven.surefire.testng.TestNGProvider.invoke(TestNGProvider.java:120)
	at org.apache.maven.surefire.util.ReflectionUtils.invokeMethodWithArray2(ReflectionUtils.java:206)
	at org.apache.maven.surefire.booter.ProviderFactory$ProviderProxy.invoke(ProviderFactory.java:160)
	at org.apache.maven.surefire.booter.ProviderFactory.invokeProvider(ProviderFactory.java:83)
	at org.apache.maven.plugin.surefire.InPluginVMSurefireStarter.runSuitesInProcess(InPluginVMSurefireStarter.java:84)
	at org.apache.maven.plugin.surefire.AbstractSurefireMojo.executeProvider(AbstractSurefireMojo.java:1107)
	at org.apache.maven.plugin.surefire.AbstractSurefireMojo.executeAfterPreconditionsChecked(AbstractSurefireMojo.java:954)
	at org.apache.maven.plugin.surefire.AbstractSurefireMojo.execute(AbstractSurefireMojo.java:832)
	at org.apache.maven.plugin.DefaultBuildPluginManager.executeMojo(DefaultBuildPluginManager.java:134)
	at org.apache.maven.lifecycle.internal.MojoExecutor.execute(MojoExecutor.java:207)
	at org.apache.maven.lifecycle.internal.MojoExecutor.execute(MojoExecutor.java:153)
	at org.apache.maven.lifecycle.internal.MojoExecutor.execute(MojoExecutor.java:145)
	at org.apache.maven.lifecycle.internal.LifecycleModuleBuilder.buildProject(LifecycleModuleBuilder.java:116)
	at org.apache.maven.lifecycle.internal.LifecycleModuleBuilder.buildProject(LifecycleModuleBuilder.java:80)
	at org.apache.maven.lifecycle.internal.builder.singlethreaded.SingleThreadedBuilder.build(SingleThreadedBuilder.java:51)
	at org.apache.maven.lifecycle.internal.LifecycleStarter.execute(LifecycleStarter.java:128)
	at org.apache.maven.DefaultMaven.doExecute(DefaultMaven.java:307)
	at org.apache.maven.DefaultMaven.doExecute(DefaultMaven.java:193)
	at org.apache.maven.DefaultMaven.execute(DefaultMaven.java:106)
	at org.apache.maven.cli.MavenCli.execute(MavenCli.java:863)
	at org.apache.maven.cli.MavenCli.doMain(MavenCli.java:288)
	at org.apache.maven.cli.MavenCli.main(MavenCli.java:199)
	at org.codehaus.plexus.classworlds.launcher.Launcher.launchEnhanced(Launcher.java:289)
	at org.codehaus.plexus.classworlds.launcher.Launcher.launch(Launcher.java:229)
	at org.codehaus.plexus.classworlds.launcher.Launcher.mainWithExitCode(Launcher.java:415)
	at org.codehaus.plexus.classworlds.launcher.Launcher.main(Launcher.java:356)
Caused by: org.openqa.selenium.firefox.NotConnectedException: Unable to connect to host 127.0.0.1 on port 7055 after 45000 ms. Firefox console output:
s
1507739314863	DeferredSave.webext.sc.lz4	DEBUG	Save changes
1507739314868	DeferredSave.webext.sc.lz4	DEBUG	Save changes
1507739314874	DeferredSave.webext.sc.lz4	DEBUG	Save changes
1507739314880	DeferredSave.webext.sc.lz4	DEBUG	Save changes
1507739314882	DeferredSave.webext.sc.lz4	DEBUG	Save changes
1507739314890	DeferredSave.webext.sc.lz4	DEBUG	Save changes
1507739314893	DeferredSave.webext.sc.lz4	DEBUG	Save changes
1507739314897	DeferredSave.webext.sc.lz4	DEBUG	Save changes
1507739314899	DeferredSave.webext.sc.lz4	DEBUG	Save changes
1507739314903	DeferredSave.webext.sc.lz4	DEBUG	Save changes
1507739314905	DeferredSave.webext.sc.lz4	DEBUG	Save changes
1507739314909	DeferredSave.webext.sc.lz4	DEBUG	Save changes
1507739314912	DeferredSave.webext.sc.lz4	DEBUG	Save changes
1507739314915	DeferredSave.webext.sc.lz4	DEBUG	Save changes
1507739314918	DeferredSave.webext.sc.lz4	DEBUG	Save changes
1507739314920	DeferredSave.webext.sc.lz4	DEBUG	Save changes
1507739314923	DeferredSave.webext.sc.lz4	DEBUG	Save changes
1507739314933	DeferredSave.webext.sc.lz4	DEBUG	Save changes
1507739314936	DeferredSave.webext.sc.lz4	DEBUG	Save changes
1507739314940	DeferredSave.webext.sc.lz4	DEBUG	Save changes
1507739314942	DeferredSave.webext.sc.lz4	DEBUG	Save changes
1507739314945	DeferredSave.webext.sc.lz4	DEBUG	Save changes
1507739314946	DeferredSave.webext.sc.lz4	DEBUG	Save changes
1507739314949	DeferredSave.webext.sc.lz4	DEBUG	Save changes
1507739314953	DeferredSave.webext.sc.lz4	DEBUG	Save changes
1507739314959	DeferredSave.webext.sc.lz4	DEBUG	Save changes
1507739314962	DeferredSave.webext.sc.lz4	DEBUG	Save changes
1507739314964	DeferredSave.webext.sc.lz4	DEBUG	Save changes
1507739314965	DeferredSave.webext.sc.lz4	DEBUG	Save changes
1507739314968	DeferredSave.webext.sc.lz4	DEBUG	Save changes
1507739314971	DeferredSave.webext.sc.lz4	DEBUG	Save changes
1507739314973	DeferredSave.webext.sc.lz4	DEBUG	Save changes
1507739314976	DeferredSave.webext.sc.lz4	DEBUG	Save changes
1507739314978	DeferredSave.webext.sc.lz4	DEBUG	Save changes
1507739314980	DeferredSave.webext.sc.lz4	DEBUG	Save changes
1507739314983	DeferredSave.webext.sc.lz4	DEBUG	Save changes
1507739314986	DeferredSave.webext.sc.lz4	DEBUG	Save changes
1507739314989	DeferredSave.webext.sc.lz4	DEBUG	Save changes
1507739314994	DeferredSave.webext.sc.lz4	DEBUG	Save changes
1507739314996	DeferredSave.webext.sc.lz4	DEBUG	Save changes
1507739315002	DeferredSave.webext.sc.lz4	DEBUG	Save changes
1507739315007	DeferredSave.webext.sc.lz4	DEBUG	Save changes
1507739315011	DeferredSave.webext.sc.lz4	DEBUG	Save changes
1507739315013	DeferredSave.webext.sc.lz4	DEBUG	Save changes
1507739315022	DeferredSave.webext.sc.lz4	DEBUG	Save changes
1507739315064	DeferredSave.webext.sc.lz4	DEBUG	Save changes
1507739315182	DeferredSave.webext.sc.lz4	DEBUG	Save changes
1507739315383	DeferredSave.webext.sc.lz4	DEBUG	Save changes
Unable to read VR Path Registry from C:\Users\shakir\AppData\Local\openvr\openvrpaths.vrpath
[Child 11556] WARNING: pipe error: 109: file z:/build/build/src/ipc/chromium/src/chrome/common/ipc_channel_win.cc, line 346
[Child 11556] WARNING: pipe error: 109: file z:/build/build/src/ipc/chromium/src/chrome/common/ipc_channel_win.cc, line 346
1507739317408	addons.productaddons	INFO	sending request to: https://aus5.mozilla.org/update/3/GMP/56.0.1/20171002220106/WINNT_x86_64-msvc-x64/en-US/release/Windows_NT%2010.0.0.0%20(x64)/default/default/update.xml
1507739317742	addons.productaddons	INFO	Completed downloading document
1507739318117	addons.productaddons	INFO	downloadXHR File download. status=200
1507739318128	addons.productaddons	INFO	Downloaded file will be saved to C:\Users\shakir\AppData\Local\Temp\tmpaddon-2b7b78
1507739319731	DeferredSave.webext.sc.lz4	DEBUG	Starting write
1507739319777	DeferredSave.webext.sc.lz4	DEBUG	Write succeeded
1507739324078	addons.productaddons	INFO	downloadXHR File download. status=200
1507739324093	addons.productaddons	INFO	Downloaded file will be saved to C:\Users\shakir\AppData\Local\Temp\tmpaddon-646333

	at org.openqa.selenium.firefox.internal.NewProfileExtensionConnection.start(NewProfileExtensionConnection.java:106)
	... 64 more
... Removed 29 stack frames<br/> org.openqa.selenium.WebDriverException: Failed to connect to binary FirefoxBinary(C:\Program Files\Mozilla Firefox\firefox.exe) on port 7055; process output follows: 
s
1507739314863	DeferredSave.webext.sc.lz4	DEBUG	Save changes
1507739314868	DeferredSave.webext.sc.lz4	DEBUG	Save changes
1507739314874	DeferredSave.webext.sc.lz4	DEBUG	Save changes
1507739314880	DeferredSave.webext.sc.lz4	DEBUG	Save changes
1507739314882	DeferredSave.webext.sc.lz4	DEBUG	Save changes
1507739314890	DeferredSave.webext.sc.lz4	DEBUG	Save changes
1507739314893	DeferredSave.webext.sc.lz4	DEBUG	Save changes
1507739314897	DeferredSave.webext.sc.lz4	DEBUG	Save changes
1507739314899	DeferredSave.webext.sc.lz4	DEBUG	Save changes
1507739314903	DeferredSave.webext.sc.lz4	DEBUG	Save changes
1507739314905	DeferredSave.webext.sc.lz4	DEBUG	Save changes
1507739314909	DeferredSave.webext.sc.lz4	DEBUG	Save changes
1507739314912	DeferredSave.webext.sc.lz4	DEBUG	Save changes
1507739314915	DeferredSave.webext.sc.lz4	DEBUG	Save changes
1507739314918	DeferredSave.webext.sc.lz4	DEBUG	Save changes
1507739314920	DeferredSave.webext.sc.lz4	DEBUG	Save changes
1507739314923	DeferredSave.webext.sc.lz4	DEBUG	Save changes
1507739314933	DeferredSave.webext.sc.lz4	DEBUG	Save changes
1507739314936	DeferredSave.webext.sc.lz4	DEBUG	Save changes
1507739314940	DeferredSave.webext.sc.lz4	DEBUG	Save changes
1507739314942	DeferredSave.webext.sc.lz4	DEBUG	Save changes
1507739314945	DeferredSave.webext.sc.lz4	DEBUG	Save changes
1507739314946	DeferredSave.webext.sc.lz4	DEBUG	Save changes
1507739314949	DeferredSave.webext.sc.lz4	DEBUG	Save changes
1507739314953	DeferredSave.webext.sc.lz4	DEBUG	Save changes
1507739314959	DeferredSave.webext.sc.lz4	DEBUG	Save changes
1507739314962	DeferredSave.webext.sc.lz4	DEBUG	Save changes
1507739314964	DeferredSave.webext.sc.lz4	DEBUG	Save changes
1507739314965	DeferredSave.webext.sc.lz4	DEBUG	Save changes
1507739314968	DeferredSave.webext.sc.lz4	DEBUG	Save changes
1507739314971	DeferredSave.webext.sc.lz4	DEBUG	Save changes
1507739314973	DeferredSave.webext.sc.lz4	DEBUG	Save changes
1507739314976	DeferredSave.webext.sc.lz4	DEBUG	Save changes
1507739314978	DeferredSave.webext.sc.lz4	DEBUG	Save changes
1507739314980	DeferredSave.webext.sc.lz4	DEBUG	Save changes
1507739314983	DeferredSave.webext.sc.lz4	DEBUG	Save changes
1507739314986	DeferredSave.webext.sc.lz4	DEBUG	Save changes
1507739314989	DeferredSave.webext.sc.lz4	DEBUG	Save changes
1507739314994	DeferredSave.webext.sc.lz4	DEBUG	Save changes
1507739314996	DeferredSave.webext.sc.lz4	DEBUG	Save changes
1507739315002	DeferredSave.webext.sc.lz4	DEBUG	Save changes
1507739315007	DeferredSave.webext.sc.lz4	DEBUG	Save changes
1507739315011	DeferredSave.webext.sc.lz4	DEBUG	Save changes
1507739315013	DeferredSave.webext.sc.lz4	DEBUG	Save changes
1507739315022	DeferredSave.webext.sc.lz4	DEBUG	Save changes
1507739315064	DeferredSave.webext.sc.lz4	DEBUG	Save changes
1507739315182	DeferredSave.webext.sc.lz4	DEBUG	Save changes
1507739315383	DeferredSave.webext.sc.lz4	DEBUG	Save changes
Unable to read VR Path Registry from C:\Users\shakir\AppData\Local\openvr\openvrpaths.vrpath
[Child 11556] WARNING: pipe error: 109: file z:/build/build/src/ipc/chromium/src/chrome/common/ipc_channel_win.cc, line 346
[Child 11556] WARNING: pipe error: 109: file z:/build/build/src/ipc/chromium/src/chrome/common/ipc_channel_win.cc, line 346
1507739317408	addons.productaddons	INFO	sending request to: https://aus5.mozilla.org/update/3/GMP/56.0.1/20171002220106/WINNT_x86_64-msvc-x64/en-US/release/Windows_NT%2010.0.0.0%20(x64)/default/default/update.xml
1507739317742	addons.productaddons	INFO	Completed downloading document
1507739318117	addons.productaddons	INFO	downloadXHR File download. status=200
1507739318128	addons.productaddons	INFO	Downloaded file will be saved to C:\Users\shakir\AppData\Local\Temp\tmpaddon-2b7b78
1507739319731	DeferredSave.webext.sc.lz4	DEBUG	Starting write
1507739319777	DeferredSave.webext.sc.lz4	DEBUG	Write succeeded
1507739324078	addons.productaddons	INFO	downloadXHR File download. status=200
1507739324093	addons.productaddons	INFO	Downloaded file will be saved to C:\Users\shakir\AppData\Local\Temp\tmpaddon-646333

Build info: version: &apos;2.30.0&apos;, revision: &apos;dc1ef9ceb805a672f56dc49198f9ffbd4ca345c7&apos;, time: &apos;2013-02-19 09:14:38&apos;
System info: os.name: &apos;Windows 10&apos;, os.arch: &apos;amd64&apos;, os.version: &apos;10.0&apos;, java.version: &apos;1.8.0_60&apos;
Driver info: driver.version: FirefoxDriver
	at org.openqa.selenium.firefox.internal.NewProfileExtensionConnection.start(NewProfileExtensionConnection.java:118)
	at org.openqa.selenium.firefox.FirefoxDriver.startClient(FirefoxDriver.java:244)
	at org.openqa.selenium.remote.RemoteWebDriver.&lt;init&gt;(RemoteWebDriver.java:110)
	at org.openqa.selenium.firefox.FirefoxDriver.&lt;init&gt;(FirefoxDriver.java:188)
	at org.openqa.selenium.firefox.FirefoxDriver.&lt;init&gt;(FirefoxDriver.java:183)
	at org.openqa.selenium.firefox.FirefoxDriver.&lt;init&gt;(FirefoxDriver.java:179)
	at org.openqa.selenium.firefox.FirefoxDriver.&lt;init&gt;(FirefoxDriver.java:92)
	at homePage.VerifyTitle.HomePageTitle(VerifyTitle.java:16)
	at sun.reflect.NativeMethodAccessorImpl.invoke0(Native Method)
	at sun.reflect.NativeMethodAccessorImpl.invoke(NativeMethodAccessorImpl.java:62)
	at sun.reflect.DelegatingMethodAccessorImpl.invoke(DelegatingMethodAccessorImpl.java:43)
	at java.lang.reflect.Method.invoke(Method.java:497)
	at org.testng.internal.MethodInvocationHelper.invokeMethod(MethodInvocationHelper.java:80)
	at org.testng.internal.Invoker.invokeMethod(Invoker.java:714)
	at org.testng.internal.Invoker.invokeTestMethod(Invoker.java:901)
	at org.testng.internal.Invoker.invokeTestMethods(Invoker.java:1231)
	at org.testng.internal.TestMethodWorker.invokeTestMethods(TestMethodWorker.java:127)
	at org.testng.internal.TestMethodWorker.run(TestMethodWorker.java:111)
	at org.testng.TestRunner.privateRun(TestRunner.java:767)
	at org.testng.TestRunner.run(TestRunner.java:617)
	at org.testng.SuiteRunner.runTest(SuiteRunner.java:334)
	at org.testng.SuiteRunner.runSequentially(SuiteRunner.java:329)
	at org.testng.SuiteRunner.privateRun(SuiteRunner.java:291)
	at org.testng.SuiteRunner.run(SuiteRunner.java:240)
	at org.testng.SuiteRunnerWorker.runSuite(SuiteRunnerWorker.java:52)
	at org.testng.SuiteRunnerWorker.run(SuiteRunnerWorker.java:86)
	at org.testng.TestNG.runSuitesSequentially(TestNG.java:1198)
	at org.testng.TestNG.runSuitesLocally(TestNG.java:1123)
	at org.testng.TestNG.run(TestNG.java:1031)
	at org.apache.maven.surefire.testng.TestNGExecutor.run(TestNGExecutor.java:283)
	at org.apache.maven.surefire.testng.TestNGXmlTestSuite.execute(TestNGXmlTestSuite.java:75)
	at org.apache.maven.surefire.testng.TestNGProvider.invoke(TestNGProvider.java:120)
	at sun.reflect.NativeMethodAccessorImpl.invoke0(Native Method)
	at sun.reflect.NativeMethodAccessorImpl.invoke(NativeMethodAccessorImpl.java:62)
	at sun.reflect.DelegatingMethodAccessorImpl.invoke(DelegatingMethodAccessorImpl.java:43)
	at java.lang.reflect.Method.invoke(Method.java:497)
	at org.apache.maven.surefire.util.ReflectionUtils.invokeMethodWithArray2(ReflectionUtils.java:206)
	at org.apache.maven.surefire.booter.ProviderFactory$ProviderProxy.invoke(ProviderFactory.java:160)
	at org.apache.maven.surefire.booter.ProviderFactory.invokeProvider(ProviderFactory.java:83)
	at org.apache.maven.plugin.surefire.InPluginVMSurefireStarter.runSuitesInProcess(InPluginVMSurefireStarter.java:84)
	at org.apache.maven.plugin.surefire.AbstractSurefireMojo.executeProvider(AbstractSurefireMojo.java:1107)
	at org.apache.maven.plugin.surefire.AbstractSurefireMojo.executeAfterPreconditionsChecked(AbstractSurefireMojo.java:954)
	at org.apache.maven.plugin.surefire.AbstractSurefireMojo.execute(AbstractSurefireMojo.java:832)
	at org.apache.maven.plugin.DefaultBuildPluginManager.executeMojo(DefaultBuildPluginManager.java:134)
	at org.apache.maven.lifecycle.internal.MojoExecutor.execute(MojoExecutor.java:207)
	at org.apache.maven.lifecycle.internal.MojoExecutor.execute(MojoExecutor.java:153)
	at org.apache.maven.lifecycle.internal.MojoExecutor.execute(MojoExecutor.java:145)
	at org.apache.maven.lifecycle.internal.LifecycleModuleBuilder.buildProject(LifecycleModuleBuilder.java:116)
	at org.apache.maven.lifecycle.internal.LifecycleModuleBuilder.buildProject(LifecycleModuleBuilder.java:80)
	at org.apache.maven.lifecycle.internal.builder.singlethreaded.SingleThreadedBuilder.build(SingleThreadedBuilder.java:51)
	at org.apache.maven.lifecycle.internal.LifecycleStarter.execute(LifecycleStarter.java:128)
	at org.apache.maven.DefaultMaven.doExecute(DefaultMaven.java:307)
	at org.apache.maven.DefaultMaven.doExecute(DefaultMaven.java:193)
	at org.apache.maven.DefaultMaven.execute(DefaultMaven.java:106)
	at org.apache.maven.cli.MavenCli.execute(MavenCli.java:863)
	at org.apache.maven.cli.MavenCli.doMain(MavenCli.java:288)
	at org.apache.maven.cli.MavenCli.main(MavenCli.java:199)
	at sun.reflect.NativeMethodAccessorImpl.invoke0(Native Method)
	at sun.reflect.NativeMethodAccessorImpl.invoke(NativeMethodAccessorImpl.java:62)
	at sun.reflect.DelegatingMethodAccessorImpl.invoke(DelegatingMethodAccessorImpl.java:43)
	at java.lang.reflect.Method.invoke(Method.java:497)
	at org.codehaus.plexus.classworlds.launcher.Launcher.launchEnhanced(Launcher.java:289)
	at org.codehaus.plexus.classworlds.launcher.Launcher.launch(Launcher.java:229)
	at org.codehaus.plexus.classworlds.launcher.Launcher.mainWithExitCode(Launcher.java:415)
	at org.codehaus.plexus.classworlds.launcher.Launcher.main(Launcher.java:356)
Caused by: org.openqa.selenium.firefox.NotConnectedException: Unable to connect to host 127.0.0.1 on port 7055 after 45000 ms. Firefox console output:
s
1507739314863	DeferredSave.webext.sc.lz4	DEBUG	Save changes
1507739314868	DeferredSave.webext.sc.lz4	DEBUG	Save changes
1507739314874	DeferredSave.webext.sc.lz4	DEBUG	Save changes
1507739314880	DeferredSave.webext.sc.lz4	DEBUG	Save changes
1507739314882	DeferredSave.webext.sc.lz4	DEBUG	Save changes
1507739314890	DeferredSave.webext.sc.lz4	DEBUG	Save changes
1507739314893	DeferredSave.webext.sc.lz4	DEBUG	Save changes
1507739314897	DeferredSave.webext.sc.lz4	DEBUG	Save changes
1507739314899	DeferredSave.webext.sc.lz4	DEBUG	Save changes
1507739314903	DeferredSave.webext.sc.lz4	DEBUG	Save changes
1507739314905	DeferredSave.webext.sc.lz4	DEBUG	Save changes
1507739314909	DeferredSave.webext.sc.lz4	DEBUG	Save changes
1507739314912	DeferredSave.webext.sc.lz4	DEBUG	Save changes
1507739314915	DeferredSave.webext.sc.lz4	DEBUG	Save changes
1507739314918	DeferredSave.webext.sc.lz4	DEBUG	Save changes
1507739314920	DeferredSave.webext.sc.lz4	DEBUG	Save changes
1507739314923	DeferredSave.webext.sc.lz4	DEBUG	Save changes
1507739314933	DeferredSave.webext.sc.lz4	DEBUG	Save changes
1507739314936	DeferredSave.webext.sc.lz4	DEBUG	Save changes
1507739314940	DeferredSave.webext.sc.lz4	DEBUG	Save changes
1507739314942	DeferredSave.webext.sc.lz4	DEBUG	Save changes
1507739314945	DeferredSave.webext.sc.lz4	DEBUG	Save changes
1507739314946	DeferredSave.webext.sc.lz4	DEBUG	Save changes
1507739314949	DeferredSave.webext.sc.lz4	DEBUG	Save changes
1507739314953	DeferredSave.webext.sc.lz4	DEBUG	Save changes
1507739314959	DeferredSave.webext.sc.lz4	DEBUG	Save changes
1507739314962	DeferredSave.webext.sc.lz4	DEBUG	Save changes
1507739314964	DeferredSave.webext.sc.lz4	DEBUG	Save changes
1507739314965	DeferredSave.webext.sc.lz4	DEBUG	Save changes
1507739314968	DeferredSave.webext.sc.lz4	DEBUG	Save changes
1507739314971	DeferredSave.webext.sc.lz4	DEBUG	Save changes
1507739314973	DeferredSave.webext.sc.lz4	DEBUG	Save changes
1507739314976	DeferredSave.webext.sc.lz4	DEBUG	Save changes
1507739314978	DeferredSave.webext.sc.lz4	DEBUG	Save changes
1507739314980	DeferredSave.webext.sc.lz4	DEBUG	Save changes
1507739314983	DeferredSave.webext.sc.lz4	DEBUG	Save changes
1507739314986	DeferredSave.webext.sc.lz4	DEBUG	Save changes
1507739314989	DeferredSave.webext.sc.lz4	DEBUG	Save changes
1507739314994	DeferredSave.webext.sc.lz4	DEBUG	Save changes
1507739314996	DeferredSave.webext.sc.lz4	DEBUG	Save changes
1507739315002	DeferredSave.webext.sc.lz4	DEBUG	Save changes
1507739315007	DeferredSave.webext.sc.lz4	DEBUG	Save changes
1507739315011	DeferredSave.webext.sc.lz4	DEBUG	Save changes
1507739315013	DeferredSave.webext.sc.lz4	DEBUG	Save changes
1507739315022	DeferredSave.webext.sc.lz4	DEBUG	Save changes
1507739315064	DeferredSave.webext.sc.lz4	DEBUG	Save changes
1507739315182	DeferredSave.webext.sc.lz4	DEBUG	Save changes
1507739315383	DeferredSave.webext.sc.lz4	DEBUG	Save changes
Unable to read VR Path Registry from C:\Users\shakir\AppData\Local\openvr\openvrpaths.vrpath
[Child 11556] WARNING: pipe error: 109: file z:/build/build/src/ipc/chromium/src/chrome/common/ipc_channel_win.cc, line 346
[Child 11556] WARNING: pipe error: 109: file z:/build/build/src/ipc/chromium/src/chrome/common/ipc_channel_win.cc, line 346
1507739317408	addons.productaddons	INFO	sending request to: https://aus5.mozilla.org/update/3/GMP/56.0.1/20171002220106/WINNT_x86_64-msvc-x64/en-US/release/Windows_NT%2010.0.0.0%20(x64)/default/default/update.xml
1507739317742	addons.productaddons	INFO	Completed downloading document
1507739318117	addons.productaddons	INFO	downloadXHR File download. status=200
1507739318128	addons.productaddons	INFO	Downloaded file will be saved to C:\Users\shakir\AppData\Local\Temp\tmpaddon-2b7b78
1507739319731	DeferredSave.webext.sc.lz4	DEBUG	Starting write
1507739319777	DeferredSave.webext.sc.lz4	DEBUG	Write succeeded
1507739324078	addons.productaddons	INFO	downloadXHR File download. status=200
1507739324093	addons.productaddons	INFO	Downloaded file will be saved to C:\Users\shakir\AppData\Local\Temp\tmpaddon-646333

	at org.openqa.selenium.firefox.internal.NewProfileExtensionConnection.start(NewProfileExtensionConnection.java:106)
	... 64 more
"</b><br>org.openqa.selenium.firefox.internal.NewProfileExtensionConnection.start(NewProfileExtensionConnection.java:118)<br>org.openqa.selenium.firefox.FirefoxDriver.startClient(FirefoxDriver.java:244)<br>org.openqa.selenium.remote.RemoteWebDriver.<init>(RemoteWebDriver.java:110)<br>org.openqa.selenium.firefox.FirefoxDriver.<init>(FirefoxDriver.java:188)<br>org.openqa.selenium.firefox.FirefoxDriver.<init>(FirefoxDriver.java:183)<br>org.openqa.selenium.firefox.FirefoxDriver.<init>(FirefoxDriver.java:179)<br>org.openqa.selenium.firefox.FirefoxDriver.<init>(FirefoxDriver.java:92)<br>homePage.VerifyTitle.HomePageTitle(VerifyTitle.java:16)<br>sun.reflect.NativeMethodAccessorImpl.invoke0(Native Method)<br>sun.reflect.NativeMethodAccessorImpl.invoke(NativeMethodAccessorImpl.java:62)<br>sun.reflect.DelegatingMethodAccessorImpl.invoke(DelegatingMethodAccessorImpl.java:43)<br>java.lang.reflect.Method.invoke(Method.java:497)<br>org.testng.internal.MethodInvocationHelper.invokeMethod(MethodInvocationHelper.java:80)<br>org.testng.internal.Invoker.invokeMethod(Invoker.java:714)<br>org.testng.internal.Invoker.invokeTestMethod(Invoker.java:901)<br>org.testng.internal.Invoker.invokeTestMethods(Invoker.java:1231)<br>org.testng.internal.TestMethodWorker.invokeTestMethods(TestMethodWorker.java:127)<br>org.testng.internal.TestMethodWorker.run(TestMethodWorker.java:111)<br>org.testng.TestRunner.privateRun(TestRunner.java:767)<br>org.testng.TestRunner.run(TestRunner.java:617)<br>org.testng.SuiteRunner.runTest(SuiteRunner.java:334)<br>org.testng.SuiteRunner.runSequentially(SuiteRunner.java:329)<br>org.testng.SuiteRunner.privateRun(SuiteRunner.java:291)<br>org.testng.SuiteRunner.run(SuiteRunner.java:240)<br>org.testng.SuiteRunnerWorker.runSuite(SuiteRunnerWorker.java:52)<br>org.testng.SuiteRunnerWorker.run(SuiteRunnerWorker.java:86)<br>org.testng.TestNG.runSuitesSequentially(TestNG.java:1198)<br>org.testng.TestNG.runSuitesLocally(TestNG.java:1123)<br>org.testng.TestNG.run(TestNG.java:1031)<br>org.apache.maven.surefire.testng.TestNGExecutor.run(TestNGExecutor.java:283)<br>org.apache.maven.surefire.testng.TestNGXmlTestSuite.execute(TestNGXmlTestSuite.java:75)<br>org.apache.maven.surefire.testng.TestNGProvider.invoke(TestNGProvider.java:120)<br>sun.reflect.NativeMethodAccessorImpl.invoke0(Native Method)<br>sun.reflect.NativeMethodAccessorImpl.invoke(NativeMethodAccessorImpl.java:62)<br>sun.reflect.DelegatingMethodAccessorImpl.invoke(DelegatingMethodAccessorImpl.java:43)<br>java.lang.reflect.Method.invoke(Method.java:497)<br>org.apache.maven.surefire.util.ReflectionUtils.invokeMethodWithArray2(ReflectionUtils.java:206)<br>org.apache.maven.surefire.booter.ProviderFactory$ProviderProxy.invoke(ProviderFactory.java:160)<br>org.apache.maven.surefire.booter.ProviderFactory.invokeProvider(ProviderFactory.java:83)<br>org.apache.maven.plugin.surefire.InPluginVMSurefireStarter.runSuitesInProcess(InPluginVMSurefireStarter.java:84)<br>org.apache.maven.plugin.surefire.AbstractSurefireMojo.executeProvider(AbstractSurefireMojo.java:1107)<br>org.apache.maven.plugin.surefire.AbstractSurefireMojo.executeAfterPreconditionsChecked(AbstractSurefireMojo.java:954)<br>org.apache.maven.plugin.surefire.AbstractSurefireMojo.execute(AbstractSurefireMojo.java:832)<br>org.apache.maven.plugin.DefaultBuildPluginManager.executeMojo(DefaultBuildPluginManager.java:134)<br>org.apache.maven.lifecycle.internal.MojoExecutor.execute(MojoExecutor.java:207)<br>org.apache.maven.lifecycle.internal.MojoExecutor.execute(MojoExecutor.java:153)<br>org.apache.maven.lifecycle.internal.MojoExecutor.execute(MojoExecutor.java:145)<br>org.apache.maven.lifecycle.internal.LifecycleModuleBuilder.buildProject(LifecycleModuleBuilder.java:116)<br>org.apache.maven.lifecycle.internal.LifecycleModuleBuilder.buildProject(LifecycleModuleBuilder.java:80)<br>org.apache.maven.lifecycle.internal.builder.singlethreaded.SingleThreadedBuilder.build(SingleThreadedBuilder.java:51)<br>org.apache.maven.lifecycle.internal.LifecycleStarter.execute(LifecycleStarter.java:128)<br>org.apache.maven.DefaultMaven.doExecute(DefaultMaven.java:307)<br>org.apache.maven.DefaultMaven.doExecute(DefaultMaven.java:193)<br>org.apache.maven.DefaultMaven.execute(DefaultMaven.java:106)<br>org.apache.maven.cli.MavenCli.execute(MavenCli.java:863)<br>org.apache.maven.cli.MavenCli.doMain(MavenCli.java:288)<br>org.apache.maven.cli.MavenCli.main(MavenCli.java:199)<br>sun.reflect.NativeMethodAccessorImpl.invoke0(Native Method)<br>sun.reflect.NativeMethodAccessorImpl.invoke(NativeMethodAccessorImpl.java:62)<br>sun.reflect.DelegatingMethodAccessorImpl.invoke(DelegatingMethodAccessorImpl.java:43)<br>java.lang.reflect.Method.invoke(Method.java:497)<br>org.codehaus.plexus.classworlds.launcher.Launcher.launchEnhanced(Launcher.java:289)<br>org.codehaus.plexus.classworlds.launcher.Launcher.launch(Launcher.java:229)<br>org.codehaus.plexus.classworlds.launcher.Launcher.mainWithExitCode(Launcher.java:415)<br>org.codehaus.plexus.classworlds.launcher.Launcher.main(Launcher.java:356)<br>
</div> <!-- stack-trace -->
                </div> <!-- method-content -->
              </div> <!-- method -->
            </div> <!-- main-panel-content rounded-window-bottom -->
          </div> <!-- suite-Suite-class-failed -->
          <div class="suite-Suite-class-passed">
            <div class="main-panel-header rounded-window-top">
              <img src="passed.png"/>
              <span class="class-name">com.chase.creditcards.DemoForMaven</span>
            </div> <!-- main-panel-header rounded-window-top -->
            <div class="main-panel-content rounded-window-bottom">
              <div class="method">
                <div class="method-content">
                  <a name="TestMaven">
                  </a> <!-- TestMaven -->
                  <span class="method-name">TestMaven</span>
                </div> <!-- method-content -->
              </div> <!-- method -->
            </div> <!-- main-panel-content rounded-window-bottom -->
          </div> <!-- suite-Suite-class-passed -->
        </div> <!-- panel Suite -->
        <div panel-name="test-xml-Suite" class="panel">
          <div class="main-panel-header rounded-window-top">
            <span class="header-content">C:\Users\shakir\eclipse-workspace\com.chase.creditcards\src\main\resources\testng.xml</span>
          </div> <!-- main-panel-header rounded-window-top -->
          <div class="main-panel-content rounded-window-bottom">
            <pre>
&lt;?xml version=&quot;1.0&quot; encoding=&quot;UTF-8&quot;?&gt;
&lt;!DOCTYPE suite SYSTEM &quot;http://testng.org/testng-1.0.dtd&quot;&gt;
&lt;suite verbose=&quot;0&quot; name=&quot;Suite&quot;&gt;
  &lt;test name=&quot;Test&quot;&gt;
    &lt;classes&gt;
      &lt;class name=&quot;com.chase.creditcards.DemoForMaven&quot;/&gt;
      &lt;class name=&quot;homePage.VerifyTitle&quot;/&gt;
    &lt;/classes&gt;
  &lt;/test&gt; &lt;!-- Test --&gt;
&lt;/suite&gt; &lt;!-- Suite --&gt;
            </pre>
          </div> <!-- main-panel-content rounded-window-bottom -->
        </div> <!-- panel -->
        <div panel-name="testlist-Suite" class="panel">
          <div class="main-panel-header rounded-window-top">
            <span class="header-content">Tests for Suite</span>
          </div> <!-- main-panel-header rounded-window-top -->
          <div class="main-panel-content rounded-window-bottom">
            <ul>
              <li>
                <span class="test-name">Test (2 classes)</span>
              </li>
            </ul>
          </div> <!-- main-panel-content rounded-window-bottom -->
        </div> <!-- panel -->
        <div panel-name="group-Suite" class="panel">
          <div class="main-panel-header rounded-window-top">
            <span class="header-content">Groups for Suite</span>
          </div> <!-- main-panel-header rounded-window-top -->
          <div class="main-panel-content rounded-window-bottom">
          </div> <!-- main-panel-content rounded-window-bottom -->
        </div> <!-- panel -->
        <div panel-name="times-Suite" class="panel">
          <div class="main-panel-header rounded-window-top">
            <span class="header-content">Times for Suite</span>
          </div> <!-- main-panel-header rounded-window-top -->
          <div class="main-panel-content rounded-window-bottom">
            <div class="times-div">
              <script type="text/javascript">
suiteTableInitFunctions.push('tableData_Suite');
function tableData_Suite() {
var data = new google.visualization.DataTable();
data.addColumn('number', 'Number');
data.addColumn('string', 'Method');
data.addColumn('string', 'Class');
data.addColumn('number', 'Time (ms)');
data.addRows(2);
data.setCell(0, 0, 0)
data.setCell(0, 1, 'HomePageTitle')
data.setCell(0, 2, 'homePage.VerifyTitle')
data.setCell(0, 3, 83011);
data.setCell(1, 0, 1)
data.setCell(1, 1, 'TestMaven')
data.setCell(1, 2, 'com.chase.creditcards.DemoForMaven')
data.setCell(1, 3, 31);
window.suiteTableData['Suite']= { tableData: data, tableDiv: 'times-div-Suite'}
return data;
}
              </script>
              <span class="suite-total-time">Total running time: 1 minutes</span>
              <div id="times-div-Suite">
              </div> <!-- times-div-Suite -->
            </div> <!-- times-div -->
          </div> <!-- main-panel-content rounded-window-bottom -->
        </div> <!-- panel -->
        <div panel-name="reporter-Suite" class="panel">
          <div class="main-panel-header rounded-window-top">
            <span class="header-content">Reporter output for Suite</span>
          </div> <!-- main-panel-header rounded-window-top -->
          <div class="main-panel-content rounded-window-bottom">
          </div> <!-- main-panel-content rounded-window-bottom -->
        </div> <!-- panel -->
        <div panel-name="ignored-methods-Suite" class="panel">
          <div class="main-panel-header rounded-window-top">
            <span class="header-content">0 ignored methods</span>
          </div> <!-- main-panel-header rounded-window-top -->
          <div class="main-panel-content rounded-window-bottom">
          </div> <!-- main-panel-content rounded-window-bottom -->
        </div> <!-- panel -->
        <div panel-name="chronological-Suite" class="panel">
          <div class="main-panel-header rounded-window-top">
            <span class="header-content">Methods in chronological order</span>
          </div> <!-- main-panel-header rounded-window-top -->
          <div class="main-panel-content rounded-window-bottom">
            <div class="chronological-class">
              <div class="chronological-class-name">com.chase.creditcards.DemoForMaven</div> <!-- chronological-class-name -->
              <div class="test-method">
                <span class="method-name">TestMaven</span>
                <span class="method-start">0 ms</span>
              </div> <!-- test-method -->
            </div> <!-- chronological-class -->
            <div class="chronological-class">
              <div class="chronological-class-name">homePage.VerifyTitle</div> <!-- chronological-class-name -->
              <div class="test-method">
                <img src="failed.png">
                </img>
                <span class="method-name">HomePageTitle</span>
                <span class="method-start">31 ms</span>
              </div> <!-- test-method -->
          </div> <!-- main-panel-content rounded-window-bottom -->
        </div> <!-- panel -->
      </div> <!-- main-panel-root -->
    </div> <!-- wrapper -->
  </body>
</html>
