<?xml version="1.0" encoding="UTF-8"?>
<testsuite xmlns:xsi="http://www.w3.org/2001/XMLSchema-instance" xsi:noNamespaceSchemaLocation="https://maven.apache.org/surefire/maven-surefire-plugin/xsd/surefire-test-report.xsd" name="TestSuite" time="84.939" tests="2" errors="0" skipped="0" failures="1">
  <properties>
    <property name="sun.desktop" value="windows"/>
    <property name="awt.toolkit" value="sun.awt.windows.WToolkit"/>
    <property name="file.encoding.pkg" value="sun.io"/>
    <property name="java.specification.version" value="1.8"/>
    <property name="sun.cpu.isalist" value="amd64"/>
    <property name="sun.jnu.encoding" value="Cp1252"/>
    <property name="java.class.path" value="C:\apache-maven-3.3.9\boot\plexus-classworlds-2.5.2.jar"/>
    <property name="java.vm.vendor" value="Oracle Corporation"/>
    <property name="sun.arch.data.model" value="64"/>
    <property name="user.variant" value=""/>
    <property name="java.vendor.url" value="http://java.oracle.com/"/>
    <property name="user.timezone" value="America/New_York"/>
    <property name="os.name" value="Windows 10"/>
    <property name="java.vm.specification.version" value="1.8"/>
    <property name="user.country" value="US"/>
    <property name="sun.java.launcher" value="SUN_STANDARD"/>
    <property name="sun.boot.library.path" value="C:\Program Files\Java\jdk1.8.0_60\jre\bin"/>
    <property name="sun.java.command" value="org.codehaus.plexus.classworlds.launcher.Launcher install"/>
    <property name="maven.home" value="C:\apache-maven-3.3.9"/>
    <property name="surefire.test.class.path" value="C:\Users\shakir\eclipse-workspace\com.chase.creditcards\target\test-classes;C:\Users\shakir\eclipse-workspace\com.chase.creditcards\target\classes;C:\Users\shakir\.m2\repository\org\testng\testng\6.8\testng-6.8.jar;C:\Users\shakir\.m2\repository\junit\junit\4.10\junit-4.10.jar;C:\Users\shakir\.m2\repository\org\hamcrest\hamcrest-core\1.1\hamcrest-core-1.1.jar;C:\Users\shakir\.m2\repository\org\beanshell\bsh\2.0b4\bsh-2.0b4.jar;C:\Users\shakir\.m2\repository\com\beust\jcommander\1.27\jcommander-1.27.jar;C:\Users\shakir\.m2\repository\org\yaml\snakeyaml\1.6\snakeyaml-1.6.jar;C:\Users\shakir\.m2\repository\org\seleniumhq\selenium\selenium-java\2.30.0\selenium-java-2.30.0.jar;C:\Users\shakir\.m2\repository\org\seleniumhq\selenium\selenium-android-driver\2.30.0\selenium-android-driver-2.30.0.jar;C:\Users\shakir\.m2\repository\org\seleniumhq\selenium\selenium-remote-driver\2.30.0\selenium-remote-driver-2.30.0.jar;C:\Users\shakir\.m2\repository\cglib\cglib-nodep\2.1_3\cglib-nodep-2.1_3.jar;C:\Users\shakir\.m2\repository\org\json\json\20080701\json-20080701.jar;C:\Users\shakir\.m2\repository\com\google\guava\guava\14.0-rc1\guava-14.0-rc1.jar;C:\Users\shakir\.m2\repository\org\seleniumhq\selenium\selenium-chrome-driver\2.30.0\selenium-chrome-driver-2.30.0.jar;C:\Users\shakir\.m2\repository\org\seleniumhq\selenium\selenium-htmlunit-driver\2.30.0\selenium-htmlunit-driver-2.30.0.jar;C:\Users\shakir\.m2\repository\org\seleniumhq\selenium\selenium-api\2.30.0\selenium-api-2.30.0.jar;C:\Users\shakir\.m2\repository\net\sourceforge\htmlunit\htmlunit\2.11\htmlunit-2.11.jar;C:\Users\shakir\.m2\repository\xalan\xalan\2.7.1\xalan-2.7.1.jar;C:\Users\shakir\.m2\repository\xalan\serializer\2.7.1\serializer-2.7.1.jar;C:\Users\shakir\.m2\repository\commons-collections\commons-collections\3.2.1\commons-collections-3.2.1.jar;C:\Users\shakir\.m2\repository\org\apache\commons\commons-lang3\3.1\commons-lang3-3.1.jar;C:\Users\shakir\.m2\repository\org\apache\httpcomponents\httpmime\4.2.2\httpmime-4.2.2.jar;C:\Users\shakir\.m2\repository\commons-codec\commons-codec\1.7\commons-codec-1.7.jar;C:\Users\shakir\.m2\repository\net\sourceforge\htmlunit\htmlunit-core-js\2.11\htmlunit-core-js-2.11.jar;C:\Users\shakir\.m2\repository\xerces\xercesImpl\2.10.0\xercesImpl-2.10.0.jar;C:\Users\shakir\.m2\repository\xml-apis\xml-apis\1.4.01\xml-apis-1.4.01.jar;C:\Users\shakir\.m2\repository\net\sourceforge\nekohtml\nekohtml\1.9.17\nekohtml-1.9.17.jar;C:\Users\shakir\.m2\repository\net\sourceforge\cssparser\cssparser\0.9.8\cssparser-0.9.8.jar;C:\Users\shakir\.m2\repository\org\w3c\css\sac\1.3\sac-1.3.jar;C:\Users\shakir\.m2\repository\commons-logging\commons-logging\1.1.1\commons-logging-1.1.1.jar;C:\Users\shakir\.m2\repository\org\eclipse\jetty\jetty-websocket\8.1.7.v20120910\jetty-websocket-8.1.7.v20120910.jar;C:\Users\shakir\.m2\repository\org\eclipse\jetty\jetty-util\8.1.7.v20120910\jetty-util-8.1.7.v20120910.jar;C:\Users\shakir\.m2\repository\org\eclipse\jetty\jetty-io\8.1.7.v20120910\jetty-io-8.1.7.v20120910.jar;C:\Users\shakir\.m2\repository\org\eclipse\jetty\jetty-http\8.1.7.v20120910\jetty-http-8.1.7.v20120910.jar;C:\Users\shakir\.m2\repository\org\apache\httpcomponents\httpclient\4.2.1\httpclient-4.2.1.jar;C:\Users\shakir\.m2\repository\org\apache\httpcomponents\httpcore\4.2.1\httpcore-4.2.1.jar;C:\Users\shakir\.m2\repository\org\seleniumhq\selenium\selenium-firefox-driver\2.30.0\selenium-firefox-driver-2.30.0.jar;C:\Users\shakir\.m2\repository\commons-io\commons-io\2.2\commons-io-2.2.jar;C:\Users\shakir\.m2\repository\org\apache\commons\commons-exec\1.1\commons-exec-1.1.jar;C:\Users\shakir\.m2\repository\org\seleniumhq\selenium\selenium-ie-driver\2.30.0\selenium-ie-driver-2.30.0.jar;C:\Users\shakir\.m2\repository\net\java\dev\jna\jna\3.4.0\jna-3.4.0.jar;C:\Users\shakir\.m2\repository\net\java\dev\jna\platform\3.4.0\platform-3.4.0.jar;C:\Users\shakir\.m2\repository\org\seleniumhq\selenium\selenium-iphone-driver\2.30.0\selenium-iphone-driver-2.30.0.jar;C:\Users\shakir\.m2\repository\org\seleniumhq\selenium\selenium-safari-driver\2.30.0\selenium-safari-driver-2.30.0.jar;C:\Users\shakir\.m2\repository\org\seleniumhq\selenium\selenium-support\2.30.0\selenium-support-2.30.0.jar;C:\Users\shakir\.m2\repository\org\webbitserver\webbit\0.4.14\webbit-0.4.14.jar;C:\Users\shakir\.m2\repository\io\netty\netty\3.5.2.Final\netty-3.5.2.Final.jar;C:\Users\shakir\.m2\repository\org\apache\maven\surefire\surefire-testng-utils\2.20.1\surefire-testng-utils-2.20.1.jar;C:\Users\shakir\.m2\repository\org\apache\maven\surefire\surefire-grouper\2.20.1\surefire-grouper-2.20.1.jar;"/>
    <property name="sun.cpu.endian" value="little"/>
    <property name="user.home" value="C:\Users\shakir"/>
    <property name="user.language" value="en"/>
    <property name="sun.stderr.encoding" value="cp437"/>
    <property name="java.specification.vendor" value="Oracle Corporation"/>
    <property name="java.home" value="C:\Program Files\Java\jdk1.8.0_60\jre"/>
    <property name="basedir" value="C:\Users\shakir\eclipse-workspace\com.chase.creditcards"/>
    <property name="file.separator" value="\"/>
    <property name="line.separator" value="&#10;"/>
    <property name="sun.stdout.encoding" value="cp437"/>
    <property name="java.vm.specification.vendor" value="Oracle Corporation"/>
    <property name="java.specification.name" value="Java Platform API Specification"/>
    <property name="java.awt.graphicsenv" value="sun.awt.Win32GraphicsEnvironment"/>
    <property name="sun.boot.class.path" value="C:\Program Files\Java\jdk1.8.0_60\jre\lib\resources.jar;C:\Program Files\Java\jdk1.8.0_60\jre\lib\rt.jar;C:\Program Files\Java\jdk1.8.0_60\jre\lib\sunrsasign.jar;C:\Program Files\Java\jdk1.8.0_60\jre\lib\jsse.jar;C:\Program Files\Java\jdk1.8.0_60\jre\lib\jce.jar;C:\Program Files\Java\jdk1.8.0_60\jre\lib\charsets.jar;C:\Program Files\Java\jdk1.8.0_60\jre\lib\jfr.jar;C:\Program Files\Java\jdk1.8.0_60\jre\classes"/>
    <property name="user.script" value=""/>
    <property name="sun.management.compiler" value="HotSpot 64-Bit Tiered Compilers"/>
    <property name="java.runtime.version" value="1.8.0_60-b27"/>
    <property name="user.name" value="Shakir"/>
    <property name="path.separator" value=";"/>
    <property name="os.version" value="10.0"/>
    <property name="java.endorsed.dirs" value="C:\Program Files\Java\jdk1.8.0_60\jre\lib\endorsed"/>
    <property name="java.runtime.name" value="Java(TM) SE Runtime Environment"/>
    <property name="file.encoding" value="Cp1252"/>
    <property name="guice.disable.misplaced.annotation.check" value="true"/>
    <property name="java.vm.name" value="Java HotSpot(TM) 64-Bit Server VM"/>
    <property name="localRepository" value="C:\Users\shakir\.m2\repository"/>
    <property name="java.vendor.url.bug" value="http://bugreport.sun.com/bugreport/"/>
    <property name="java.io.tmpdir" value="C:\Users\shakir\AppData\Local\Temp\"/>
    <property name="java.version" value="1.8.0_60"/>
    <property name="user.dir" value="C:\Users\shakir\eclipse-workspace\com.chase.creditcards"/>
    <property name="os.arch" value="amd64"/>
    <property name="maven.multiModuleProjectDirectory" value="C:\Users\shakir\eclipse-workspace\com.chase.creditcards"/>
    <property name="webdriver.gecko.driver" value="./src/Browser_Drivers/geckodriver.exe"/>
    <property name="java.vm.specification.name" value="Java Virtual Machine Specification"/>
    <property name="java.awt.printerjob" value="sun.awt.windows.WPrinterJob"/>
    <property name="sun.os.patch.level" value=""/>
    <property name="java.library.path" value="C:\Program Files\Java\jdk1.8.0_60\bin;C:\WINDOWS\Sun\Java\bin;C:\WINDOWS\system32;C:\WINDOWS;C:\ProgramData\Oracle\Java\javapath;C:\oraclexe\app\oracle\product\11.2.0\server\bin;c:\Program Files (x86)\Intel\iCLS Client\;c:\Program Files\Intel\iCLS Client\;C:\WINDOWS\system32;C:\WINDOWS;C:\WINDOWS\System32\Wbem;C:\WINDOWS\System32\WindowsPowerShell\v1.0\;C:\Program Files (x86)\Intel\OpenCL SDK\3.0\bin\x86;C:\Program Files (x86)\Intel\OpenCL SDK\3.0\bin\x64;C:\Program Files\Intel\Intel(R) Management Engine Components\DAL;C:\Program Files\Intel\Intel(R) Management Engine Components\IPT;C:\Program Files (x86)\Intel\Intel(R) Management Engine Components\DAL;C:\Program Files (x86)\Intel\Intel(R) Management Engine Components\IPT;C:\Program Files\Java\jdk1.8.0_60\bin;C:\Program Files\Java\jdk1.8.0_60\bin;C:\apache-maven-3.3.9\bin;C:\Program Files (x86)\Windows Live\Shared;C:\Users\shakir\AppData\Local\Android\sdk\tools;C:\Users\shakir\AppData\Local\Android\sdk\platform-tools;C:\Program Files (x86)\Skype\Phone\;C:\Users\shakir\AppData\Local\Microsoft\WindowsApps;;."/>
    <property name="java.vm.info" value="mixed mode"/>
    <property name="java.vendor" value="Oracle Corporation"/>
    <property name="java.vm.version" value="25.60-b23"/>
    <property name="classworlds.conf" value="C:\apache-maven-3.3.9\bin\m2.conf"/>
    <property name="java.ext.dirs" value="C:\Program Files\Java\jdk1.8.0_60\jre\lib\ext;C:\WINDOWS\Sun\Java\lib\ext"/>
    <property name="sun.io.unicode.encoding" value="UnicodeLittle"/>
    <property name="java.class.version" value="52.0"/>
  </properties>
  <testcase name="TestMaven" classname="com.chase.creditcards.DemoForMaven" time="0.031"/>
  <testcase name="HomePageTitle" classname="homePage.VerifyTitle" time="83.027">
    <failure message="Failed to connect to binary FirefoxBinary(C:\Program Files\Mozilla Firefox\firefox.exe) on port 7055; process output follows: &#10;s&#10;1507739314863	DeferredSave.webext.sc.lz4	DEBUG	Save changes&#10;1507739314868	DeferredSave.webext.sc.lz4	DEBUG	Save changes&#10;1507739314874	DeferredSave.webext.sc.lz4	DEBUG	Save changes&#10;1507739314880	DeferredSave.webext.sc.lz4	DEBUG	Save changes&#10;1507739314882	DeferredSave.webext.sc.lz4	DEBUG	Save changes&#10;1507739314890	DeferredSave.webext.sc.lz4	DEBUG	Save changes&#10;1507739314893	DeferredSave.webext.sc.lz4	DEBUG	Save changes&#10;1507739314897	DeferredSave.webext.sc.lz4	DEBUG	Save changes&#10;1507739314899	DeferredSave.webext.sc.lz4	DEBUG	Save changes&#10;1507739314903	DeferredSave.webext.sc.lz4	DEBUG	Save changes&#10;1507739314905	DeferredSave.webext.sc.lz4	DEBUG	Save changes&#10;1507739314909	DeferredSave.webext.sc.lz4	DEBUG	Save changes&#10;1507739314912	DeferredSave.webext.sc.lz4	DEBUG	Save changes&#10;1507739314915	DeferredSave.webext.sc.lz4	DEBUG	Save changes&#10;1507739314918	DeferredSave.webext.sc.lz4	DEBUG	Save changes&#10;1507739314920	DeferredSave.webext.sc.lz4	DEBUG	Save changes&#10;1507739314923	DeferredSave.webext.sc.lz4	DEBUG	Save changes&#10;1507739314933	DeferredSave.webext.sc.lz4	DEBUG	Save changes&#10;1507739314936	DeferredSave.webext.sc.lz4	DEBUG	Save changes&#10;1507739314940	DeferredSave.webext.sc.lz4	DEBUG	Save changes&#10;1507739314942	DeferredSave.webext.sc.lz4	DEBUG	Save changes&#10;1507739314945	DeferredSave.webext.sc.lz4	DEBUG	Save changes&#10;1507739314946	DeferredSave.webext.sc.lz4	DEBUG	Save changes&#10;1507739314949	DeferredSave.webext.sc.lz4	DEBUG	Save changes&#10;1507739314953	DeferredSave.webext.sc.lz4	DEBUG	Save changes&#10;1507739314959	DeferredSave.webext.sc.lz4	DEBUG	Save changes&#10;1507739314962	DeferredSave.webext.sc.lz4	DEBUG	Save changes&#10;1507739314964	DeferredSave.webext.sc.lz4	DEBUG	Save changes&#10;1507739314965	DeferredSave.webext.sc.lz4	DEBUG	Save changes&#10;1507739314968	DeferredSave.webext.sc.lz4	DEBUG	Save changes&#10;1507739314971	DeferredSave.webext.sc.lz4	DEBUG	Save changes&#10;1507739314973	DeferredSave.webext.sc.lz4	DEBUG	Save changes&#10;1507739314976	DeferredSave.webext.sc.lz4	DEBUG	Save changes&#10;1507739314978	DeferredSave.webext.sc.lz4	DEBUG	Save changes&#10;1507739314980	DeferredSave.webext.sc.lz4	DEBUG	Save changes&#10;1507739314983	DeferredSave.webext.sc.lz4	DEBUG	Save changes&#10;1507739314986	DeferredSave.webext.sc.lz4	DEBUG	Save changes&#10;1507739314989	DeferredSave.webext.sc.lz4	DEBUG	Save changes&#10;1507739314994	DeferredSave.webext.sc.lz4	DEBUG	Save changes&#10;1507739314996	DeferredSave.webext.sc.lz4	DEBUG	Save changes&#10;1507739315002	DeferredSave.webext.sc.lz4	DEBUG	Save changes&#10;1507739315007	DeferredSave.webext.sc.lz4	DEBUG	Save changes&#10;1507739315011	DeferredSave.webext.sc.lz4	DEBUG	Save changes&#10;1507739315013	DeferredSave.webext.sc.lz4	DEBUG	Save changes&#10;1507739315022	DeferredSave.webext.sc.lz4	DEBUG	Save changes&#10;1507739315064	DeferredSave.webext.sc.lz4	DEBUG	Save changes&#10;1507739315182	DeferredSave.webext.sc.lz4	DEBUG	Save changes&#10;1507739315383	DeferredSave.webext.sc.lz4	DEBUG	Save changes&#10;Unable to read VR Path Registry from C:\Users\shakir\AppData\Local\openvr\openvrpaths.vrpath&#10;[Child 11556] WARNING: pipe error: 109: file z:/build/build/src/ipc/chromium/src/chrome/common/ipc_channel_win.cc, line 346&#10;[Child 11556] WARNING: pipe error: 109: file z:/build/build/src/ipc/chromium/src/chrome/common/ipc_channel_win.cc, line 346&#10;1507739317408	addons.productaddons	INFO	sending request to: https://aus5.mozilla.org/update/3/GMP/56.0.1/20171002220106/WINNT_x86_64-msvc-x64/en-US/release/Windows_NT%2010.0.0.0%20(x64)/default/default/update.xml&#10;1507739317742	addons.productaddons	INFO	Completed downloading document&#10;1507739318117	addons.productaddons	INFO	downloadXHR File download. status=200&#10;1507739318128	addons.productaddons	INFO	Downloaded file will be saved to C:\Users\shakir\AppData\Local\Temp\tmpaddon-2b7b78&#10;1507739319731	DeferredSave.webext.sc.lz4	DEBUG	Starting write&#10;1507739319777	DeferredSave.webext.sc.lz4	DEBUG	Write succeeded&#10;1507739324078	addons.productaddons	INFO	downloadXHR File download. status=200&#10;1507739324093	addons.productaddons	INFO	Downloaded file will be saved to C:\Users\shakir\AppData\Local\Temp\tmpaddon-646333&#10;&#10;Build info: version: &apos;2.30.0&apos;, revision: &apos;dc1ef9ceb805a672f56dc49198f9ffbd4ca345c7&apos;, time: &apos;2013-02-19 09:14:38&apos;&#10;System info: os.name: &apos;Windows 10&apos;, os.arch: &apos;amd64&apos;, os.version: &apos;10.0&apos;, java.version: &apos;1.8.0_60&apos;&#10;Driver info: driver.version: FirefoxDriver" type="org.openqa.selenium.WebDriverException">org.openqa.selenium.WebDriverException: 
Failed to connect to binary FirefoxBinary(C:\Program Files\Mozilla Firefox\firefox.exe) on port 7055; process output follows: 
s
1507739314863	DeferredSave.webext.sc.lz4	DEBUG	Save changes
1507739314868	DeferredSave.webext.sc.lz4	DEBUG	Save changes
1507739314874	DeferredSave.webext.sc.lz4	DEBUG	Save changes
1507739314880	DeferredSave.webext.sc.lz4	DEBUG	Save changes
1507739314882	DeferredSave.webext.sc.lz4	DEBUG	Save changes
1507739314890	DeferredSave.webext.sc.lz4	DEBUG	Save changes
1507739314893	DeferredSave.webext.sc.lz4	DEBUG	Save changes
1507739314897	DeferredSave.webext.sc.lz4	DEBUG	Save changes
1507739314899	DeferredSave.webext.sc.lz4	DEBUG	Save changes
1507739314903	DeferredSave.webext.sc.lz4	DEBUG	Save changes
1507739314905	DeferredSave.webext.sc.lz4	DEBUG	Save changes
1507739314909	DeferredSave.webext.sc.lz4	DEBUG	Save changes
1507739314912	DeferredSave.webext.sc.lz4	DEBUG	Save changes
1507739314915	DeferredSave.webext.sc.lz4	DEBUG	Save changes
1507739314918	DeferredSave.webext.sc.lz4	DEBUG	Save changes
1507739314920	DeferredSave.webext.sc.lz4	DEBUG	Save changes
1507739314923	DeferredSave.webext.sc.lz4	DEBUG	Save changes
1507739314933	DeferredSave.webext.sc.lz4	DEBUG	Save changes
1507739314936	DeferredSave.webext.sc.lz4	DEBUG	Save changes
1507739314940	DeferredSave.webext.sc.lz4	DEBUG	Save changes
1507739314942	DeferredSave.webext.sc.lz4	DEBUG	Save changes
1507739314945	DeferredSave.webext.sc.lz4	DEBUG	Save changes
1507739314946	DeferredSave.webext.sc.lz4	DEBUG	Save changes
1507739314949	DeferredSave.webext.sc.lz4	DEBUG	Save changes
1507739314953	DeferredSave.webext.sc.lz4	DEBUG	Save changes
1507739314959	DeferredSave.webext.sc.lz4	DEBUG	Save changes
1507739314962	DeferredSave.webext.sc.lz4	DEBUG	Save changes
1507739314964	DeferredSave.webext.sc.lz4	DEBUG	Save changes
1507739314965	DeferredSave.webext.sc.lz4	DEBUG	Save changes
1507739314968	DeferredSave.webext.sc.lz4	DEBUG	Save changes
1507739314971	DeferredSave.webext.sc.lz4	DEBUG	Save changes
1507739314973	DeferredSave.webext.sc.lz4	DEBUG	Save changes
1507739314976	DeferredSave.webext.sc.lz4	DEBUG	Save changes
1507739314978	DeferredSave.webext.sc.lz4	DEBUG	Save changes
1507739314980	DeferredSave.webext.sc.lz4	DEBUG	Save changes
1507739314983	DeferredSave.webext.sc.lz4	DEBUG	Save changes
1507739314986	DeferredSave.webext.sc.lz4	DEBUG	Save changes
1507739314989	DeferredSave.webext.sc.lz4	DEBUG	Save changes
1507739314994	DeferredSave.webext.sc.lz4	DEBUG	Save changes
1507739314996	DeferredSave.webext.sc.lz4	DEBUG	Save changes
1507739315002	DeferredSave.webext.sc.lz4	DEBUG	Save changes
1507739315007	DeferredSave.webext.sc.lz4	DEBUG	Save changes
1507739315011	DeferredSave.webext.sc.lz4	DEBUG	Save changes
1507739315013	DeferredSave.webext.sc.lz4	DEBUG	Save changes
1507739315022	DeferredSave.webext.sc.lz4	DEBUG	Save changes
1507739315064	DeferredSave.webext.sc.lz4	DEBUG	Save changes
1507739315182	DeferredSave.webext.sc.lz4	DEBUG	Save changes
1507739315383	DeferredSave.webext.sc.lz4	DEBUG	Save changes
Unable to read VR Path Registry from C:\Users\shakir\AppData\Local\openvr\openvrpaths.vrpath
[Child 11556] WARNING: pipe error: 109: file z:/build/build/src/ipc/chromium/src/chrome/common/ipc_channel_win.cc, line 346
[Child 11556] WARNING: pipe error: 109: file z:/build/build/src/ipc/chromium/src/chrome/common/ipc_channel_win.cc, line 346
1507739317408	addons.productaddons	INFO	sending request to: https://aus5.mozilla.org/update/3/GMP/56.0.1/20171002220106/WINNT_x86_64-msvc-x64/en-US/release/Windows_NT%2010.0.0.0%20(x64)/default/default/update.xml
1507739317742	addons.productaddons	INFO	Completed downloading document
1507739318117	addons.productaddons	INFO	downloadXHR File download. status=200
1507739318128	addons.productaddons	INFO	Downloaded file will be saved to C:\Users\shakir\AppData\Local\Temp\tmpaddon-2b7b78
1507739319731	DeferredSave.webext.sc.lz4	DEBUG	Starting write
1507739319777	DeferredSave.webext.sc.lz4	DEBUG	Write succeeded
1507739324078	addons.productaddons	INFO	downloadXHR File download. status=200
1507739324093	addons.productaddons	INFO	Downloaded file will be saved to C:\Users\shakir\AppData\Local\Temp\tmpaddon-646333

Build info: version: '2.30.0', revision: 'dc1ef9ceb805a672f56dc49198f9ffbd4ca345c7', time: '2013-02-19 09:14:38'
System info: os.name: 'Windows 10', os.arch: 'amd64', os.version: '10.0', java.version: '1.8.0_60'
Driver info: driver.version: FirefoxDriver
	at homePage.VerifyTitle.HomePageTitle(VerifyTitle.java:16)
Caused by: org.openqa.selenium.firefox.NotConnectedException: 
Unable to connect to host 127.0.0.1 on port 7055 after 45000 ms. Firefox console output:
s
1507739314863	DeferredSave.webext.sc.lz4	DEBUG	Save changes
1507739314868	DeferredSave.webext.sc.lz4	DEBUG	Save changes
1507739314874	DeferredSave.webext.sc.lz4	DEBUG	Save changes
1507739314880	DeferredSave.webext.sc.lz4	DEBUG	Save changes
1507739314882	DeferredSave.webext.sc.lz4	DEBUG	Save changes
1507739314890	DeferredSave.webext.sc.lz4	DEBUG	Save changes
1507739314893	DeferredSave.webext.sc.lz4	DEBUG	Save changes
1507739314897	DeferredSave.webext.sc.lz4	DEBUG	Save changes
1507739314899	DeferredSave.webext.sc.lz4	DEBUG	Save changes
1507739314903	DeferredSave.webext.sc.lz4	DEBUG	Save changes
1507739314905	DeferredSave.webext.sc.lz4	DEBUG	Save changes
1507739314909	DeferredSave.webext.sc.lz4	DEBUG	Save changes
1507739314912	DeferredSave.webext.sc.lz4	DEBUG	Save changes
1507739314915	DeferredSave.webext.sc.lz4	DEBUG	Save changes
1507739314918	DeferredSave.webext.sc.lz4	DEBUG	Save changes
1507739314920	DeferredSave.webext.sc.lz4	DEBUG	Save changes
1507739314923	DeferredSave.webext.sc.lz4	DEBUG	Save changes
1507739314933	DeferredSave.webext.sc.lz4	DEBUG	Save changes
1507739314936	DeferredSave.webext.sc.lz4	DEBUG	Save changes
1507739314940	DeferredSave.webext.sc.lz4	DEBUG	Save changes
1507739314942	DeferredSave.webext.sc.lz4	DEBUG	Save changes
1507739314945	DeferredSave.webext.sc.lz4	DEBUG	Save changes
1507739314946	DeferredSave.webext.sc.lz4	DEBUG	Save changes
1507739314949	DeferredSave.webext.sc.lz4	DEBUG	Save changes
1507739314953	DeferredSave.webext.sc.lz4	DEBUG	Save changes
1507739314959	DeferredSave.webext.sc.lz4	DEBUG	Save changes
1507739314962	DeferredSave.webext.sc.lz4	DEBUG	Save changes
1507739314964	DeferredSave.webext.sc.lz4	DEBUG	Save changes
1507739314965	DeferredSave.webext.sc.lz4	DEBUG	Save changes
1507739314968	DeferredSave.webext.sc.lz4	DEBUG	Save changes
1507739314971	DeferredSave.webext.sc.lz4	DEBUG	Save changes
1507739314973	DeferredSave.webext.sc.lz4	DEBUG	Save changes
1507739314976	DeferredSave.webext.sc.lz4	DEBUG	Save changes
1507739314978	DeferredSave.webext.sc.lz4	DEBUG	Save changes
1507739314980	DeferredSave.webext.sc.lz4	DEBUG	Save changes
1507739314983	DeferredSave.webext.sc.lz4	DEBUG	Save changes
1507739314986	DeferredSave.webext.sc.lz4	DEBUG	Save changes
1507739314989	DeferredSave.webext.sc.lz4	DEBUG	Save changes
1507739314994	DeferredSave.webext.sc.lz4	DEBUG	Save changes
1507739314996	DeferredSave.webext.sc.lz4	DEBUG	Save changes
1507739315002	DeferredSave.webext.sc.lz4	DEBUG	Save changes
1507739315007	DeferredSave.webext.sc.lz4	DEBUG	Save changes
1507739315011	DeferredSave.webext.sc.lz4	DEBUG	Save changes
1507739315013	DeferredSave.webext.sc.lz4	DEBUG	Save changes
1507739315022	DeferredSave.webext.sc.lz4	DEBUG	Save changes
1507739315064	DeferredSave.webext.sc.lz4	DEBUG	Save changes
1507739315182	DeferredSave.webext.sc.lz4	DEBUG	Save changes
1507739315383	DeferredSave.webext.sc.lz4	DEBUG	Save changes
Unable to read VR Path Registry from C:\Users\shakir\AppData\Local\openvr\openvrpaths.vrpath
[Child 11556] WARNING: pipe error: 109: file z:/build/build/src/ipc/chromium/src/chrome/common/ipc_channel_win.cc, line 346
[Child 11556] WARNING: pipe error: 109: file z:/build/build/src/ipc/chromium/src/chrome/common/ipc_channel_win.cc, line 346
1507739317408	addons.productaddons	INFO	sending request to: https://aus5.mozilla.org/update/3/GMP/56.0.1/20171002220106/WINNT_x86_64-msvc-x64/en-US/release/Windows_NT%2010.0.0.0%20(x64)/default/default/update.xml
1507739317742	addons.productaddons	INFO	Completed downloading document
1507739318117	addons.productaddons	INFO	downloadXHR File download. status=200
1507739318128	addons.productaddons	INFO	Downloaded file will be saved to C:\Users\shakir\AppData\Local\Temp\tmpaddon-2b7b78
1507739319731	DeferredSave.webext.sc.lz4	DEBUG	Starting write
1507739319777	DeferredSave.webext.sc.lz4	DEBUG	Write succeeded
1507739324078	addons.productaddons	INFO	downloadXHR File download. status=200
1507739324093	addons.productaddons	INFO	Downloaded file will be saved to C:\Users\shakir\AppData\Local\Temp\tmpaddon-646333

	at homePage.VerifyTitle.HomePageTitle(VerifyTitle.java:16)
</failure>
    <system-out><![CDATA[Home Page Title Testing
]]></system-out>
    <system-err><![CDATA[org.openqa.selenium.firefox.NotConnectedException: Unable to connect to host 127.0.0.1 on port 7055 after 45000 ms. Firefox console output:
s
1507739314863	DeferredSave.webext.sc.lz4	DEBUG	Save changes
1507739314868	DeferredSave.webext.sc.lz4	DEBUG	Save changes
1507739314874	DeferredSave.webext.sc.lz4	DEBUG	Save changes
1507739314880	DeferredSave.webext.sc.lz4	DEBUG	Save changes
1507739314882	DeferredSave.webext.sc.lz4	DEBUG	Save changes
1507739314890	DeferredSave.webext.sc.lz4	DEBUG	Save changes
1507739314893	DeferredSave.webext.sc.lz4	DEBUG	Save changes
1507739314897	DeferredSave.webext.sc.lz4	DEBUG	Save changes
1507739314899	DeferredSave.webext.sc.lz4	DEBUG	Save changes
1507739314903	DeferredSave.webext.sc.lz4	DEBUG	Save changes
1507739314905	DeferredSave.webext.sc.lz4	DEBUG	Save changes
1507739314909	DeferredSave.webext.sc.lz4	DEBUG	Save changes
1507739314912	DeferredSave.webext.sc.lz4	DEBUG	Save changes
1507739314915	DeferredSave.webext.sc.lz4	DEBUG	Save changes
1507739314918	DeferredSave.webext.sc.lz4	DEBUG	Save changes
1507739314920	DeferredSave.webext.sc.lz4	DEBUG	Save changes
1507739314923	DeferredSave.webext.sc.lz4	DEBUG	Save changes
1507739314933	DeferredSave.webext.sc.lz4	DEBUG	Save changes
1507739314936	DeferredSave.webext.sc.lz4	DEBUG	Save changes
1507739314940	DeferredSave.webext.sc.lz4	DEBUG	Save changes
1507739314942	DeferredSave.webext.sc.lz4	DEBUG	Save changes
1507739314945	DeferredSave.webext.sc.lz4	DEBUG	Save changes
1507739314946	DeferredSave.webext.sc.lz4	DEBUG	Save changes
1507739314949	DeferredSave.webext.sc.lz4	DEBUG	Save changes
1507739314953	DeferredSave.webext.sc.lz4	DEBUG	Save changes
1507739314959	DeferredSave.webext.sc.lz4	DEBUG	Save changes
1507739314962	DeferredSave.webext.sc.lz4	DEBUG	Save changes
1507739314964	DeferredSave.webext.sc.lz4	DEBUG	Save changes
1507739314965	DeferredSave.webext.sc.lz4	DEBUG	Save changes
1507739314968	DeferredSave.webext.sc.lz4	DEBUG	Save changes
1507739314971	DeferredSave.webext.sc.lz4	DEBUG	Save changes
1507739314973	DeferredSave.webext.sc.lz4	DEBUG	Save changes
1507739314976	DeferredSave.webext.sc.lz4	DEBUG	Save changes
1507739314978	DeferredSave.webext.sc.lz4	DEBUG	Save changes
1507739314980	DeferredSave.webext.sc.lz4	DEBUG	Save changes
1507739314983	DeferredSave.webext.sc.lz4	DEBUG	Save changes
1507739314986	DeferredSave.webext.sc.lz4	DEBUG	Save changes
1507739314989	DeferredSave.webext.sc.lz4	DEBUG	Save changes
1507739314994	DeferredSave.webext.sc.lz4	DEBUG	Save changes
1507739314996	DeferredSave.webext.sc.lz4	DEBUG	Save changes
1507739315002	DeferredSave.webext.sc.lz4	DEBUG	Save changes
1507739315007	DeferredSave.webext.sc.lz4	DEBUG	Save changes
1507739315011	DeferredSave.webext.sc.lz4	DEBUG	Save changes
1507739315013	DeferredSave.webext.sc.lz4	DEBUG	Save changes
1507739315022	DeferredSave.webext.sc.lz4	DEBUG	Save changes
1507739315064	DeferredSave.webext.sc.lz4	DEBUG	Save changes
1507739315182	DeferredSave.webext.sc.lz4	DEBUG	Save changes
1507739315383	DeferredSave.webext.sc.lz4	DEBUG	Save changes
Unable to read VR Path Registry from C:\Users\shakir\AppData\Local\openvr\openvrpaths.vrpath
[Child 11556] WARNING: pipe error: 109: file z:/build/build/src/ipc/chromium/src/chrome/common/ipc_channel_win.cc, line 346
[Child 11556] WARNING: pipe error: 109: file z:/build/build/src/ipc/chromium/src/chrome/common/ipc_channel_win.cc, line 346
1507739317408	addons.productaddons	INFO	sending request to: https://aus5.mozilla.org/update/3/GMP/56.0.1/20171002220106/WINNT_x86_64-msvc-x64/en-US/release/Windows_NT%2010.0.0.0%20(x64)/default/default/update.xml
1507739317742	addons.productaddons	INFO	Completed downloading document
1507739318117	addons.productaddons	INFO	downloadXHR File download. status=200
1507739318128	addons.productaddons	INFO	Downloaded file will be saved to C:\Users\shakir\AppData\Local\Temp\tmpaddon-2b7b78
1507739319731	DeferredSave.webext.sc.lz4	DEBUG	Starting write
1507739319777	DeferredSave.webext.sc.lz4	DEBUG	Write succeeded
1507739324078	addons.productaddons	INFO	downloadXHR File download. status=200
1507739324093	addons.productaddons	INFO	Downloaded file will be saved to C:\Users\shakir\AppData\Local\Temp\tmpaddon-646333

	at org.openqa.selenium.firefox.internal.NewProfileExtensionConnection.start(NewProfileExtensionConnection.java:106)
	at org.openqa.selenium.firefox.FirefoxDriver.startClient(FirefoxDriver.java:244)
	at org.openqa.selenium.remote.RemoteWebDriver.<init>(RemoteWebDriver.java:110)
	at org.openqa.selenium.firefox.FirefoxDriver.<init>(FirefoxDriver.java:188)
	at org.openqa.selenium.firefox.FirefoxDriver.<init>(FirefoxDriver.java:183)
	at org.openqa.selenium.firefox.FirefoxDriver.<init>(FirefoxDriver.java:179)
	at org.openqa.selenium.firefox.FirefoxDriver.<init>(FirefoxDriver.java:92)
	at homePage.VerifyTitle.HomePageTitle(VerifyTitle.java:16)
	at sun.reflect.NativeMethodAccessorImpl.invoke0(Native Method)
	at sun.reflect.NativeMethodAccessorImpl.invoke(NativeMethodAccessorImpl.java:62)
	at sun.reflect.DelegatingMethodAccessorImpl.invoke(DelegatingMethodAccessorImpl.java:43)
	at java.lang.reflect.Method.invoke(Method.java:497)
	at org.testng.internal.MethodInvocationHelper.invokeMethod(MethodInvocationHelper.java:80)
	at org.testng.internal.Invoker.invokeMethod(Invoker.java:714)
	at org.testng.internal.Invoker.invokeTestMethod(Invoker.java:901)
	at org.testng.internal.Invoker.invokeTestMethods(Invoker.java:1231)
	at org.testng.internal.TestMethodWorker.invokeTestMethods(TestMethodWorker.java:127)
	at org.testng.internal.TestMethodWorker.run(TestMethodWorker.java:111)
	at org.testng.TestRunner.privateRun(TestRunner.java:767)
	at org.testng.TestRunner.run(TestRunner.java:617)
	at org.testng.SuiteRunner.runTest(SuiteRunner.java:334)
	at org.testng.SuiteRunner.runSequentially(SuiteRunner.java:329)
	at org.testng.SuiteRunner.privateRun(SuiteRunner.java:291)
	at org.testng.SuiteRunner.run(SuiteRunner.java:240)
	at org.testng.SuiteRunnerWorker.runSuite(SuiteRunnerWorker.java:52)
	at org.testng.SuiteRunnerWorker.run(SuiteRunnerWorker.java:86)
	at org.testng.TestNG.runSuitesSequentially(TestNG.java:1198)
	at org.testng.TestNG.runSuitesLocally(TestNG.java:1123)
	at org.testng.TestNG.run(TestNG.java:1031)
	at org.apache.maven.surefire.testng.TestNGExecutor.run(TestNGExecutor.java:283)
	at org.apache.maven.surefire.testng.TestNGXmlTestSuite.execute(TestNGXmlTestSuite.java:75)
	at org.apache.maven.surefire.testng.TestNGProvider.invoke(TestNGProvider.java:120)
	at sun.reflect.NativeMethodAccessorImpl.invoke0(Native Method)
	at sun.reflect.NativeMethodAccessorImpl.invoke(NativeMethodAccessorImpl.java:62)
	at sun.reflect.DelegatingMethodAccessorImpl.invoke(DelegatingMethodAccessorImpl.java:43)
	at java.lang.reflect.Method.invoke(Method.java:497)
	at org.apache.maven.surefire.util.ReflectionUtils.invokeMethodWithArray2(ReflectionUtils.java:206)
	at org.apache.maven.surefire.booter.ProviderFactory$ProviderProxy.invoke(ProviderFactory.java:160)
	at org.apache.maven.surefire.booter.ProviderFactory.invokeProvider(ProviderFactory.java:83)
	at org.apache.maven.plugin.surefire.InPluginVMSurefireStarter.runSuitesInProcess(InPluginVMSurefireStarter.java:84)
	at org.apache.maven.plugin.surefire.AbstractSurefireMojo.executeProvider(AbstractSurefireMojo.java:1107)
	at org.apache.maven.plugin.surefire.AbstractSurefireMojo.executeAfterPreconditionsChecked(AbstractSurefireMojo.java:954)
	at org.apache.maven.plugin.surefire.AbstractSurefireMojo.execute(AbstractSurefireMojo.java:832)
	at org.apache.maven.plugin.DefaultBuildPluginManager.executeMojo(DefaultBuildPluginManager.java:134)
	at org.apache.maven.lifecycle.internal.MojoExecutor.execute(MojoExecutor.java:207)
	at org.apache.maven.lifecycle.internal.MojoExecutor.execute(MojoExecutor.java:153)
	at org.apache.maven.lifecycle.internal.MojoExecutor.execute(MojoExecutor.java:145)
	at org.apache.maven.lifecycle.internal.LifecycleModuleBuilder.buildProject(LifecycleModuleBuilder.java:116)
	at org.apache.maven.lifecycle.internal.LifecycleModuleBuilder.buildProject(LifecycleModuleBuilder.java:80)
	at org.apache.maven.lifecycle.internal.builder.singlethreaded.SingleThreadedBuilder.build(SingleThreadedBuilder.java:51)
	at org.apache.maven.lifecycle.internal.LifecycleStarter.execute(LifecycleStarter.java:128)
	at org.apache.maven.DefaultMaven.doExecute(DefaultMaven.java:307)
	at org.apache.maven.DefaultMaven.doExecute(DefaultMaven.java:193)
	at org.apache.maven.DefaultMaven.execute(DefaultMaven.java:106)
	at org.apache.maven.cli.MavenCli.execute(MavenCli.java:863)
	at org.apache.maven.cli.MavenCli.doMain(MavenCli.java:288)
	at org.apache.maven.cli.MavenCli.main(MavenCli.java:199)
	at sun.reflect.NativeMethodAccessorImpl.invoke0(Native Method)
	at sun.reflect.NativeMethodAccessorImpl.invoke(NativeMethodAccessorImpl.java:62)
	at sun.reflect.DelegatingMethodAccessorImpl.invoke(DelegatingMethodAccessorImpl.java:43)
	at java.lang.reflect.Method.invoke(Method.java:497)
	at org.codehaus.plexus.classworlds.launcher.Launcher.launchEnhanced(Launcher.java:289)
	at org.codehaus.plexus.classworlds.launcher.Launcher.launch(Launcher.java:229)
	at org.codehaus.plexus.classworlds.launcher.Launcher.mainWithExitCode(Launcher.java:415)
	at org.codehaus.plexus.classworlds.launcher.Launcher.main(Launcher.java:356)
]]></system-err>
  </testcase>
</testsuite>